mode: atomic
go.keploy.io/server/pkg/service/regression/regression.go:23.74,33.2 1 0
go.keploy.io/server/pkg/service/regression/regression.go:51.74,56.16 4 0
go.keploy.io/server/pkg/service/regression/regression.go:60.2,63.16 4 0
go.keploy.io/server/pkg/service/regression/regression.go:67.2,67.12 1 0
go.keploy.io/server/pkg/service/regression/regression.go:56.16,59.3 2 0
go.keploy.io/server/pkg/service/regression/regression.go:63.16,66.3 2 0
go.keploy.io/server/pkg/service/regression/regression.go:70.81,72.2 1 0
go.keploy.io/server/pkg/service/regression/regression.go:74.95,77.16 2 0
go.keploy.io/server/pkg/service/regression/regression.go:81.2,81.17 1 0
go.keploy.io/server/pkg/service/regression/regression.go:77.16,80.3 2 0
go.keploy.io/server/pkg/service/regression/regression.go:84.121,86.19 2 0
go.keploy.io/server/pkg/service/regression/regression.go:89.2,89.18 1 0
go.keploy.io/server/pkg/service/regression/regression.go:93.2,95.16 2 0
go.keploy.io/server/pkg/service/regression/regression.go:99.2,99.17 1 0
go.keploy.io/server/pkg/service/regression/regression.go:86.19,88.3 1 0
go.keploy.io/server/pkg/service/regression/regression.go:89.18,91.3 1 0
go.keploy.io/server/pkg/service/regression/regression.go:95.16,98.3 2 0
go.keploy.io/server/pkg/service/regression/regression.go:102.79,103.22 1 0
go.keploy.io/server/pkg/service/regression/regression.go:111.2,111.12 1 0
go.keploy.io/server/pkg/service/regression/regression.go:103.22,105.17 2 0
go.keploy.io/server/pkg/service/regression/regression.go:105.17,108.4 2 0
go.keploy.io/server/pkg/service/regression/regression.go:114.96,119.16 3 0
go.keploy.io/server/pkg/service/regression/regression.go:123.2,123.9 1 0
go.keploy.io/server/pkg/service/regression/regression.go:127.2,128.16 2 0
go.keploy.io/server/pkg/service/regression/regression.go:133.2,133.18 1 0
go.keploy.io/server/pkg/service/regression/regression.go:119.16,122.3 2 0
go.keploy.io/server/pkg/service/regression/regression.go:123.9,126.3 2 0
go.keploy.io/server/pkg/service/regression/regression.go:128.16,131.3 2 0
go.keploy.io/server/pkg/service/regression/regression.go:136.100,138.19 2 0
go.keploy.io/server/pkg/service/regression/regression.go:141.2,141.24 1 0
go.keploy.io/server/pkg/service/regression/regression.go:150.2,150.17 1 0
go.keploy.io/server/pkg/service/regression/regression.go:138.19,140.3 1 0
go.keploy.io/server/pkg/service/regression/regression.go:141.24,143.17 2 0
go.keploy.io/server/pkg/service/regression/regression.go:148.3,148.24 1 0
go.keploy.io/server/pkg/service/regression/regression.go:143.17,147.4 3 0
go.keploy.io/server/pkg/service/regression/regression.go:153.136,156.16 2 0
go.keploy.io/server/pkg/service/regression/regression.go:160.2,161.35 2 0
go.keploy.io/server/pkg/service/regression/regression.go:164.2,182.29 5 0
go.keploy.io/server/pkg/service/regression/regression.go:190.2,190.34 1 0
go.keploy.io/server/pkg/service/regression/regression.go:201.2,203.64 2 0
go.keploy.io/server/pkg/service/regression/regression.go:206.2,208.47 2 0
go.keploy.io/server/pkg/service/regression/regression.go:214.2,214.28 1 0
go.keploy.io/server/pkg/service/regression/regression.go:156.16,159.3 2 0
go.keploy.io/server/pkg/service/regression/regression.go:161.35,163.3 1 0
go.keploy.io/server/pkg/service/regression/regression.go:182.29,184.35 2 0
go.keploy.io/server/pkg/service/regression/regression.go:184.35,187.4 2 0
go.keploy.io/server/pkg/service/regression/regression.go:190.34,192.17 2 0
go.keploy.io/server/pkg/service/regression/regression.go:192.17,194.4 1 0
go.keploy.io/server/pkg/service/regression/regression.go:195.8,196.71 1 0
go.keploy.io/server/pkg/service/regression/regression.go:196.71,198.4 1 0
go.keploy.io/server/pkg/service/regression/regression.go:203.64,205.3 1 0
go.keploy.io/server/pkg/service/regression/regression.go:208.47,210.3 1 0
go.keploy.io/server/pkg/service/regression/regression.go:210.8,212.3 1 0
go.keploy.io/server/pkg/service/regression/regression.go:217.112,221.15 4 0
go.keploy.io/server/pkg/service/regression/regression.go:235.2,236.15 2 0
go.keploy.io/server/pkg/service/regression/regression.go:243.2,243.16 1 0
go.keploy.io/server/pkg/service/regression/regression.go:247.2,247.8 1 0
go.keploy.io/server/pkg/service/regression/regression.go:251.2,252.19 2 0
go.keploy.io/server/pkg/service/regression/regression.go:221.15,234.3 1 0
go.keploy.io/server/pkg/service/regression/regression.go:236.15,238.18 2 0
go.keploy.io/server/pkg/service/regression/regression.go:238.18,240.4 1 0
go.keploy.io/server/pkg/service/regression/regression.go:243.16,246.3 2 0
go.keploy.io/server/pkg/service/regression/regression.go:247.8,250.3 2 0
go.keploy.io/server/pkg/service/regression/regression.go:255.73,257.16 2 0
go.keploy.io/server/pkg/service/regression/regression.go:260.2,260.38 1 0
go.keploy.io/server/pkg/service/regression/regression.go:266.2,266.16 1 0
go.keploy.io/server/pkg/service/regression/regression.go:269.2,269.12 1 0
go.keploy.io/server/pkg/service/regression/regression.go:257.16,259.3 1 0
go.keploy.io/server/pkg/service/regression/regression.go:260.38,262.3 1 0
go.keploy.io/server/pkg/service/regression/regression.go:262.8,264.3 1 0
go.keploy.io/server/pkg/service/regression/regression.go:266.16,268.3 1 0
go.keploy.io/server/pkg/service/regression/regression.go:272.99,275.16 2 0
go.keploy.io/server/pkg/service/regression/regression.go:280.2,283.39 2 0
go.keploy.io/server/pkg/service/regression/regression.go:287.2,287.22 1 0
go.keploy.io/server/pkg/service/regression/regression.go:291.2,292.16 2 0
go.keploy.io/server/pkg/service/regression/regression.go:297.2,298.16 2 0
go.keploy.io/server/pkg/service/regression/regression.go:303.2,304.22 2 0
go.keploy.io/server/pkg/service/regression/regression.go:315.2,317.16 3 0
go.keploy.io/server/pkg/service/regression/regression.go:321.2,321.12 1 0
go.keploy.io/server/pkg/service/regression/regression.go:275.16,278.3 2 0
go.keploy.io/server/pkg/service/regression/regression.go:283.39,285.3 1 0
go.keploy.io/server/pkg/service/regression/regression.go:287.22,289.3 1 0
go.keploy.io/server/pkg/service/regression/regression.go:292.16,295.3 2 0
go.keploy.io/server/pkg/service/regression/regression.go:298.16,301.3 2 0
go.keploy.io/server/pkg/service/regression/regression.go:304.22,306.10 2 0
go.keploy.io/server/pkg/service/regression/regression.go:310.3,310.32 1 0
go.keploy.io/server/pkg/service/regression/regression.go:306.10,308.12 2 0
go.keploy.io/server/pkg/service/regression/regression.go:310.32,312.4 1 0
go.keploy.io/server/pkg/service/regression/regression.go:317.16,320.3 2 0
go.keploy.io/server/pkg/service/regression/regression.go:324.56,326.30 1 0
go.keploy.io/server/pkg/service/regression/regression.go:345.2,345.12 1 0
go.keploy.io/server/pkg/service/regression/regression.go:326.30,330.17 3 0
go.keploy.io/server/pkg/service/regression/regression.go:333.3,334.23 2 0
go.keploy.io/server/pkg/service/regression/regression.go:330.17,332.4 1 0
go.keploy.io/server/pkg/service/regression/regression.go:334.23,336.15 2 0
go.keploy.io/server/pkg/service/regression/regression.go:339.4,339.13 1 0
go.keploy.io/server/pkg/service/regression/regression.go:336.15,338.5 1 0
go.keploy.io/server/pkg/service/regression/regression.go:341.8,344.3 1 0
go.keploy.io/server/pkg/service/regression/regression.go:351.49,352.14 1 0
go.keploy.io/server/pkg/service/regression/regression.go:355.2,357.18 3 0
go.keploy.io/server/pkg/service/regression/regression.go:397.2,397.10 1 0
go.keploy.io/server/pkg/service/regression/regression.go:352.14,354.3 1 0
go.keploy.io/server/pkg/service/regression/regression.go:358.19,360.10 2 0
go.keploy.io/server/pkg/service/regression/regression.go:363.3,363.23 1 0
go.keploy.io/server/pkg/service/regression/regression.go:373.20,374.49 1 0
go.keploy.io/server/pkg/service/regression/regression.go:375.23,376.64 1 0
go.keploy.io/server/pkg/service/regression/regression.go:377.22,378.31 1 0
go.keploy.io/server/pkg/service/regression/regression.go:379.21,381.10 2 0
go.keploy.io/server/pkg/service/regression/regression.go:384.3,384.28 1 0
go.keploy.io/server/pkg/service/regression/regression.go:394.10,395.58 1 0
go.keploy.io/server/pkg/service/regression/regression.go:360.10,362.4 1 0
go.keploy.io/server/pkg/service/regression/regression.go:363.23,365.27 2 0
go.keploy.io/server/pkg/service/regression/regression.go:365.27,367.17 2 0
go.keploy.io/server/pkg/service/regression/regression.go:370.5,370.15 1 0
go.keploy.io/server/pkg/service/regression/regression.go:367.17,369.6 1 0
go.keploy.io/server/pkg/service/regression/regression.go:381.10,383.4 1 0
go.keploy.io/server/pkg/service/regression/regression.go:384.28,386.27 2 0
go.keploy.io/server/pkg/service/regression/regression.go:386.27,387.36 1 0
go.keploy.io/server/pkg/service/regression/regression.go:387.36,389.6 1 0
go.keploy.io/server/pkg/service/regression/regression.go:389.11,391.6 1 0
go.keploy.io/server/pkg/service/regression/regression.go:400.89,404.16 4 0
go.keploy.io/server/pkg/service/regression/regression.go:408.2,415.18 5 0
go.keploy.io/server/pkg/service/regression/regression.go:442.2,442.19 1 0
go.keploy.io/server/pkg/service/regression/regression.go:404.16,406.3 1 0
go.keploy.io/server/pkg/service/regression/regression.go:415.18,419.17 4 0
go.keploy.io/server/pkg/service/regression/regression.go:422.3,422.25 1 0
go.keploy.io/server/pkg/service/regression/regression.go:440.3,440.99 1 0
go.keploy.io/server/pkg/service/regression/regression.go:419.17,421.4 1 0
go.keploy.io/server/pkg/service/regression/regression.go:422.25,428.33 2 0
go.keploy.io/server/pkg/service/regression/regression.go:428.33,429.30 1 0
go.keploy.io/server/pkg/service/regression/regression.go:432.5,432.27 1 0
go.keploy.io/server/pkg/service/regression/regression.go:435.5,435.34 1 0
go.keploy.io/server/pkg/service/regression/regression.go:429.30,431.6 1 0
go.keploy.io/server/pkg/service/regression/regression.go:432.27,434.6 1 0
go.keploy.io/server/pkg/service/regression/regression.go:435.34,437.6 1 0
go.keploy.io/server/pkg/service/regression/regression.go:445.83,451.16 4 0
go.keploy.io/server/pkg/service/regression/regression.go:456.2,456.37 1 0
go.keploy.io/server/pkg/service/regression/regression.go:461.2,461.40 1 0
go.keploy.io/server/pkg/service/regression/regression.go:466.2,466.40 1 0
go.keploy.io/server/pkg/service/regression/regression.go:483.2,483.28 1 0
go.keploy.io/server/pkg/service/regression/regression.go:504.2,504.26 1 0
go.keploy.io/server/pkg/service/regression/regression.go:509.2,510.16 2 0
go.keploy.io/server/pkg/service/regression/regression.go:514.2,522.17 4 0
go.keploy.io/server/pkg/service/regression/regression.go:451.16,453.3 1 0
go.keploy.io/server/pkg/service/regression/regression.go:456.37,458.3 1 0
go.keploy.io/server/pkg/service/regression/regression.go:461.40,463.3 1 0
go.keploy.io/server/pkg/service/regression/regression.go:466.40,470.17 3 0
go.keploy.io/server/pkg/service/regression/regression.go:473.3,474.26 2 0
go.keploy.io/server/pkg/service/regression/regression.go:470.17,472.4 1 0
go.keploy.io/server/pkg/service/regression/regression.go:474.26,476.15 2 0
go.keploy.io/server/pkg/service/regression/regression.go:479.4,479.19 1 0
go.keploy.io/server/pkg/service/regression/regression.go:476.15,478.5 1 0
go.keploy.io/server/pkg/service/regression/regression.go:483.28,484.31 1 0
go.keploy.io/server/pkg/service/regression/regression.go:484.31,486.24 1 0
go.keploy.io/server/pkg/service/regression/regression.go:492.4,492.42 1 0
go.keploy.io/server/pkg/service/regression/regression.go:500.4,500.21 1 0
go.keploy.io/server/pkg/service/regression/regression.go:486.24,487.46 1 0
go.keploy.io/server/pkg/service/regression/regression.go:490.5,490.64 1 0
go.keploy.io/server/pkg/service/regression/regression.go:487.46,489.6 1 0
go.keploy.io/server/pkg/service/regression/regression.go:492.42,495.19 3 0
go.keploy.io/server/pkg/service/regression/regression.go:498.5,498.13 1 0
go.keploy.io/server/pkg/service/regression/regression.go:495.19,497.6 1 0
go.keploy.io/server/pkg/service/regression/regression.go:504.26,506.3 1 0
go.keploy.io/server/pkg/service/regression/regression.go:510.16,512.3 1 0
go.keploy.io/server/pkg/service/regression/regression.go:525.105,526.28 1 0
go.keploy.io/server/pkg/service/regression/regression.go:529.2,529.37 1 0
go.keploy.io/server/pkg/service/regression/regression.go:534.2,534.19 1 0
go.keploy.io/server/pkg/service/regression/regression.go:526.28,528.3 1 0
go.keploy.io/server/pkg/service/regression/regression.go:529.37,530.36 1 0
go.keploy.io/server/pkg/service/regression/regression.go:530.36,532.4 1 0
go.keploy.io/server/pkg/service/regression/regression.go:538.38,540.22 2 0
go.keploy.io/server/pkg/service/regression/regression.go:543.2,543.21 1 0
go.keploy.io/server/pkg/service/regression/regression.go:546.2,546.48 1 0
go.keploy.io/server/pkg/service/regression/regression.go:549.2,549.14 1 0
go.keploy.io/server/pkg/service/regression/regression.go:540.22,542.3 1 0
go.keploy.io/server/pkg/service/regression/regression.go:543.21,545.3 1 0
go.keploy.io/server/pkg/service/regression/regression.go:546.48,548.3 1 0
go.keploy.io/server/http/regression/helpers.go:8.51,15.2 1 0
go.keploy.io/server/http/regression/helpers.go:26.76,29.2 2 0
go.keploy.io/server/server/server.go:41.24,45.16 3 0
go.keploy.io/server/server/server.go:48.2,52.16 4 0
go.keploy.io/server/server/server.go:56.2,57.16 2 0
go.keploy.io/server/server/server.go:61.2,98.65 12 0
go.keploy.io/server/server/server.go:102.2,105.37 2 0
go.keploy.io/server/server/server.go:110.2,110.10 1 0
go.keploy.io/server/server/server.go:45.16,46.13 1 0
go.keploy.io/server/server/server.go:52.16,54.3 1 0
go.keploy.io/server/server/server.go:57.16,59.3 1 0
go.keploy.io/server/server/server.go:98.65,100.3 1 0
go.keploy.io/server/server/server.go:105.37,109.3 3 0
go.keploy.io/server/pkg/service/run/run.go:12.63,18.2 1 0
go.keploy.io/server/pkg/service/run/run.go:26.68,28.16 2 0
go.keploy.io/server/pkg/service/run/run.go:32.2,33.16 2 0
go.keploy.io/server/pkg/service/run/run.go:38.2,40.16 3 0
go.keploy.io/server/pkg/service/run/run.go:44.2,44.12 1 0
go.keploy.io/server/pkg/service/run/run.go:28.16,31.3 2 0
go.keploy.io/server/pkg/service/run/run.go:33.16,36.3 2 0
go.keploy.io/server/pkg/service/run/run.go:40.16,43.3 2 0
go.keploy.io/server/pkg/service/run/run.go:47.155,49.19 2 0
go.keploy.io/server/pkg/service/run/run.go:52.2,52.18 1 0
go.keploy.io/server/pkg/service/run/run.go:55.2,56.16 2 0
go.keploy.io/server/pkg/service/run/run.go:60.2,61.16 2 0
go.keploy.io/server/pkg/service/run/run.go:64.2,64.13 1 0
go.keploy.io/server/pkg/service/run/run.go:67.2,67.19 1 0
go.keploy.io/server/pkg/service/run/run.go:71.2,71.24 1 0
go.keploy.io/server/pkg/service/run/run.go:80.2,80.17 1 0
go.keploy.io/server/pkg/service/run/run.go:49.19,51.3 1 0
go.keploy.io/server/pkg/service/run/run.go:52.18,54.3 1 0
go.keploy.io/server/pkg/service/run/run.go:56.16,59.3 2 0
go.keploy.io/server/pkg/service/run/run.go:61.16,63.3 1 0
go.keploy.io/server/pkg/service/run/run.go:64.13,66.3 1 0
go.keploy.io/server/pkg/service/run/run.go:67.19,69.3 1 0
go.keploy.io/server/pkg/service/run/run.go:71.24,73.18 2 0
go.keploy.io/server/pkg/service/run/run.go:78.3,78.18 1 0
go.keploy.io/server/pkg/service/run/run.go:73.18,77.4 3 0
go.keploy.io/server/pkg/service/run/run.go:83.71,84.25 1 0
go.keploy.io/server/pkg/service/run/run.go:115.2,115.12 1 0
go.keploy.io/server/pkg/service/run/run.go:84.25,85.40 1 0
go.keploy.io/server/pkg/service/run/run.go:88.3,89.18 2 0
go.keploy.io/server/pkg/service/run/run.go:94.3,94.22 1 0
go.keploy.io/server/pkg/service/run/run.go:103.3,104.30 2 0
go.keploy.io/server/pkg/service/run/run.go:110.3,111.17 2 0
go.keploy.io/server/pkg/service/run/run.go:85.40,86.12 1 0
go.keploy.io/server/pkg/service/run/run.go:89.18,93.4 3 0
go.keploy.io/server/pkg/service/run/run.go:94.22,97.18 2 0
go.keploy.io/server/pkg/service/run/run.go:100.4,100.12 1 0
go.keploy.io/server/pkg/service/run/run.go:97.18,99.5 1 0
go.keploy.io/server/pkg/service/run/run.go:104.30,105.25 1 0
go.keploy.io/server/pkg/service/run/run.go:105.25,107.5 1 0
go.keploy.io/server/pkg/service/run/run.go:111.17,113.4 1 0
go.keploy.io/server/pkg/service/run/run.go:118.81,120.26 2 0
go.keploy.io/server/pkg/service/run/run.go:123.2,125.17 3 0
go.keploy.io/server/pkg/service/run/run.go:130.2,130.12 1 0
go.keploy.io/server/pkg/service/run/run.go:120.26,122.3 1 0
go.keploy.io/server/pkg/service/run/run.go:125.17,129.3 3 0
go.keploy.io/server/pkg/service/run/run.go:133.59,135.2 1 0
go.keploy.io/server/graph/resolver.go:15.89,22.2 1 0
go.keploy.io/server/http/regression/request.go:19.53,20.23 1 0
go.keploy.io/server/http/regression/request.go:24.2,24.21 1 0
go.keploy.io/server/http/regression/request.go:28.2,28.12 1 0
go.keploy.io/server/http/regression/request.go:20.23,22.3 1 0
go.keploy.io/server/http/regression/request.go:24.21,26.3 1 0
go.keploy.io/server/http/regression/request.go:38.49,39.18 1 0
go.keploy.io/server/http/regression/request.go:43.2,43.21 1 0
go.keploy.io/server/http/regression/request.go:47.2,47.12 1 0
go.keploy.io/server/http/regression/request.go:39.18,41.3 1 0
go.keploy.io/server/http/regression/request.go:43.21,45.3 1 0
go.keploy.io/server/pkg/platform/mgo/mongo.go:10.45,15.2 3 0
go.keploy.io/server/cmd/server/main.go:10.13,14.16 4 0
go.keploy.io/server/cmd/server/main.go:14.16,15.13 1 0
go.keploy.io/server/pkg/match.go:13.60,15.24 2 83
go.keploy.io/server/pkg/match.go:18.2,18.14 1 83
go.keploy.io/server/pkg/match.go:15.24,17.3 1 115
go.keploy.io/server/pkg/match.go:22.66,25.59 2 40
go.keploy.io/server/pkg/match.go:25.59,28.3 2 0
go.keploy.io/server/pkg/match.go:28.8,30.3 1 40
go.keploy.io/server/pkg/match.go:33.76,36.16 3 20
go.keploy.io/server/pkg/match.go:39.2,40.16 2 20
go.keploy.io/server/pkg/match.go:43.2,43.56 1 20
go.keploy.io/server/pkg/match.go:46.2,51.36 5 20
go.keploy.io/server/pkg/match.go:36.16,38.3 1 0
go.keploy.io/server/pkg/match.go:40.16,42.3 1 0
go.keploy.io/server/pkg/match.go:43.56,45.3 1 0
go.keploy.io/server/pkg/match.go:55.78,57.18 2 150
go.keploy.io/server/pkg/match.go:58.19,60.27 2 126
go.keploy.io/server/pkg/match.go:85.3,85.12 1 126
go.keploy.io/server/pkg/match.go:86.21,90.32 3 20
go.keploy.io/server/pkg/match.go:94.3,94.13 1 20
go.keploy.io/server/pkg/match.go:95.10,96.17 1 4
go.keploy.io/server/pkg/match.go:60.27,65.27 3 173
go.keploy.io/server/pkg/match.go:68.4,69.10 2 173
go.keploy.io/server/pkg/match.go:65.27,67.5 1 105
go.keploy.io/server/pkg/match.go:69.10,71.20 1 134
go.keploy.io/server/pkg/match.go:77.5,79.28 3 67
go.keploy.io/server/pkg/match.go:82.5,82.38 1 67
go.keploy.io/server/pkg/match.go:71.20,74.14 3 67
go.keploy.io/server/pkg/match.go:79.28,81.6 1 67
go.keploy.io/server/pkg/match.go:90.32,93.4 2 43
go.keploy.io/server/pkg/match.go:102.53,104.21 2 20
go.keploy.io/server/pkg/match.go:108.2,108.12 1 20
go.keploy.io/server/pkg/match.go:104.21,107.3 2 26
go.keploy.io/server/pkg/match.go:112.60,113.56 1 94
go.keploy.io/server/pkg/match.go:116.2,116.38 1 94
go.keploy.io/server/pkg/match.go:119.2,120.18 2 94
go.keploy.io/server/pkg/match.go:170.2,170.18 1 62
go.keploy.io/server/pkg/match.go:113.56,115.3 1 0
go.keploy.io/server/pkg/match.go:116.38,118.3 1 0
go.keploy.io/server/pkg/match.go:121.23,122.25 1 6
go.keploy.io/server/pkg/match.go:126.22,127.25 1 34
go.keploy.io/server/pkg/match.go:130.20,131.25 1 1
go.keploy.io/server/pkg/match.go:134.19,137.28 3 41
go.keploy.io/server/pkg/match.go:147.3,147.25 1 24
go.keploy.io/server/pkg/match.go:154.21,157.39 3 12
go.keploy.io/server/pkg/match.go:160.3,160.39 1 9
go.keploy.io/server/pkg/match.go:167.10,168.59 1 0
go.keploy.io/server/pkg/match.go:122.25,124.4 1 0
go.keploy.io/server/pkg/match.go:127.25,129.4 1 6
go.keploy.io/server/pkg/match.go:131.25,133.4 1 1
go.keploy.io/server/pkg/match.go:137.28,139.11 2 60
go.keploy.io/server/pkg/match.go:142.4,142.51 1 58
go.keploy.io/server/pkg/match.go:139.11,141.5 1 2
go.keploy.io/server/pkg/match.go:142.51,144.5 1 15
go.keploy.io/server/pkg/match.go:147.25,149.11 2 34
go.keploy.io/server/pkg/match.go:149.11,151.5 1 2
go.keploy.io/server/pkg/match.go:157.39,159.4 1 3
go.keploy.io/server/pkg/match.go:160.39,162.107 1 16
go.keploy.io/server/pkg/match.go:162.107,164.5 1 3
go.keploy.io/server/pkg/utils.go:9.83,11.23 2 7
go.keploy.io/server/pkg/utils.go:88.2,88.23 1 7
go.keploy.io/server/pkg/utils.go:113.2,113.14 1 7
go.keploy.io/server/pkg/utils.go:11.23,13.43 1 11
go.keploy.io/server/pkg/utils.go:16.3,17.10 2 10
go.keploy.io/server/pkg/utils.go:36.3,36.25 1 9
go.keploy.io/server/pkg/utils.go:54.3,54.23 1 8
go.keploy.io/server/pkg/utils.go:74.3,74.23 1 8
go.keploy.io/server/pkg/utils.go:13.43,14.12 1 1
go.keploy.io/server/pkg/utils.go:17.10,19.24 1 1
go.keploy.io/server/pkg/utils.go:33.4,34.12 2 1
go.keploy.io/server/pkg/utils.go:19.24,31.5 1 1
go.keploy.io/server/pkg/utils.go:36.25,38.24 1 1
go.keploy.io/server/pkg/utils.go:51.4,52.12 2 1
go.keploy.io/server/pkg/utils.go:38.24,50.5 1 1
go.keploy.io/server/pkg/utils.go:54.23,55.19 1 11
go.keploy.io/server/pkg/utils.go:55.19,57.25 1 1
go.keploy.io/server/pkg/utils.go:70.5,71.13 2 1
go.keploy.io/server/pkg/utils.go:57.25,69.6 1 1
go.keploy.io/server/pkg/utils.go:74.23,86.4 1 7
go.keploy.io/server/pkg/utils.go:88.23,90.43 1 11
go.keploy.io/server/pkg/utils.go:93.3,94.10 2 10
go.keploy.io/server/pkg/utils.go:90.43,91.12 1 1
go.keploy.io/server/pkg/utils.go:94.10,96.24 1 1
go.keploy.io/server/pkg/utils.go:110.4,110.17 1 1
go.keploy.io/server/pkg/utils.go:96.24,108.5 1 1
go.keploy.io/server/pkg/utils.go:116.57,117.25 1 12
go.keploy.io/server/pkg/utils.go:122.2,122.13 1 11
go.keploy.io/server/pkg/utils.go:117.25,118.28 1 7
go.keploy.io/server/pkg/utils.go:118.28,120.4 1 1
go.keploy.io/server/pkg/utils.go:125.46,126.26 1 0
go.keploy.io/server/pkg/utils.go:131.2,131.14 1 0
go.keploy.io/server/pkg/utils.go:126.26,127.13 1 0
go.keploy.io/server/pkg/utils.go:127.13,129.4 1 0
go.keploy.io/server/pkg/platform/mgo/tdb.go:17.69,22.2 1 0
go.keploy.io/server/pkg/platform/mgo/tdb.go:29.67,31.16 2 0
go.keploy.io/server/pkg/platform/mgo/tdb.go:34.2,34.12 1 0
go.keploy.io/server/pkg/platform/mgo/tdb.go:31.16,33.3 1 0
go.keploy.io/server/pkg/platform/mgo/tdb.go:37.81,40.16 3 0
go.keploy.io/server/pkg/platform/mgo/tdb.go:43.2,44.27 2 0
go.keploy.io/server/pkg/platform/mgo/tdb.go:50.2,50.18 1 0
go.keploy.io/server/pkg/platform/mgo/tdb.go:40.16,42.3 1 0
go.keploy.io/server/pkg/platform/mgo/tdb.go:44.27,46.9 2 0
go.keploy.io/server/pkg/platform/mgo/tdb.go:46.9,48.4 1 0
go.keploy.io/server/pkg/platform/mgo/tdb.go:53.100,58.2 4 0
go.keploy.io/server/pkg/platform/mgo/tdb.go:60.84,67.31 3 0
go.keploy.io/server/pkg/platform/mgo/tdb.go:77.2,78.16 2 0
go.keploy.io/server/pkg/platform/mgo/tdb.go:81.2,81.15 1 0
go.keploy.io/server/pkg/platform/mgo/tdb.go:84.2,84.19 1 0
go.keploy.io/server/pkg/platform/mgo/tdb.go:67.31,76.3 1 0
go.keploy.io/server/pkg/platform/mgo/tdb.go:78.16,80.3 1 0
go.keploy.io/server/pkg/platform/mgo/tdb.go:81.15,83.3 1 0
go.keploy.io/server/pkg/platform/mgo/tdb.go:87.100,127.16 3 0
go.keploy.io/server/pkg/platform/mgo/tdb.go:133.2,158.16 6 0
go.keploy.io/server/pkg/platform/mgo/tdb.go:162.2,163.46 2 0
go.keploy.io/server/pkg/platform/mgo/tdb.go:167.2,167.33 1 0
go.keploy.io/server/pkg/platform/mgo/tdb.go:177.2,182.16 2 0
go.keploy.io/server/pkg/platform/mgo/tdb.go:185.2,185.12 1 0
go.keploy.io/server/pkg/platform/mgo/tdb.go:127.16,129.3 1 0
go.keploy.io/server/pkg/platform/mgo/tdb.go:158.16,160.3 1 0
go.keploy.io/server/pkg/platform/mgo/tdb.go:163.46,165.3 1 0
go.keploy.io/server/pkg/platform/mgo/tdb.go:167.33,169.25 2 0
go.keploy.io/server/pkg/platform/mgo/tdb.go:169.25,170.14 1 0
go.keploy.io/server/pkg/platform/mgo/tdb.go:173.4,173.35 1 0
go.keploy.io/server/pkg/platform/mgo/tdb.go:170.14,171.13 1 0
go.keploy.io/server/pkg/platform/mgo/tdb.go:182.16,184.3 1 0
go.keploy.io/server/pkg/platform/mgo/tdb.go:188.76,190.31 1 0
go.keploy.io/server/pkg/platform/mgo/tdb.go:193.2,201.16 6 0
go.keploy.io/server/pkg/platform/mgo/tdb.go:205.2,205.12 1 0
go.keploy.io/server/pkg/platform/mgo/tdb.go:190.31,192.3 1 0
go.keploy.io/server/pkg/platform/mgo/tdb.go:201.16,204.3 1 0
go.keploy.io/server/pkg/platform/mgo/tdb.go:208.88,212.15 2 0
go.keploy.io/server/pkg/platform/mgo/tdb.go:216.2,218.16 3 0
go.keploy.io/server/pkg/platform/mgo/tdb.go:221.2,221.16 1 0
go.keploy.io/server/pkg/platform/mgo/tdb.go:212.15,214.3 1 0
go.keploy.io/server/pkg/platform/mgo/tdb.go:218.16,220.3 1 0
go.keploy.io/server/pkg/platform/mgo/tdb.go:224.126,227.16 3 0
go.keploy.io/server/pkg/platform/mgo/tdb.go:232.2,232.20 1 0
go.keploy.io/server/pkg/platform/mgo/tdb.go:242.2,242.33 1 0
go.keploy.io/server/pkg/platform/mgo/tdb.go:247.2,248.16 2 0
go.keploy.io/server/pkg/platform/mgo/tdb.go:251.2,251.17 1 0
go.keploy.io/server/pkg/platform/mgo/tdb.go:227.16,229.3 1 0
go.keploy.io/server/pkg/platform/mgo/tdb.go:232.20,235.17 3 0
go.keploy.io/server/pkg/platform/mgo/tdb.go:239.3,239.24 1 0
go.keploy.io/server/pkg/platform/mgo/tdb.go:235.17,238.4 1 0
go.keploy.io/server/pkg/platform/mgo/tdb.go:242.33,245.3 1 0
go.keploy.io/server/pkg/platform/mgo/tdb.go:248.16,250.3 1 0
go.keploy.io/server/pkg/platform/mgo/tdb.go:254.131,258.14 3 0
go.keploy.io/server/pkg/platform/mgo/tdb.go:261.2,261.16 1 0
go.keploy.io/server/pkg/platform/mgo/tdb.go:264.2,269.16 5 0
go.keploy.io/server/pkg/platform/mgo/tdb.go:272.2,272.17 1 0
go.keploy.io/server/pkg/platform/mgo/tdb.go:258.14,260.3 1 0
go.keploy.io/server/pkg/platform/mgo/tdb.go:261.16,263.3 1 0
go.keploy.io/server/pkg/platform/mgo/tdb.go:269.16,271.3 1 0
go.keploy.io/server/graph/schema.resolvers.go:17.105,19.23 2 0
go.keploy.io/server/graph/schema.resolvers.go:22.2,23.16 2 0
go.keploy.io/server/graph/schema.resolvers.go:26.2,26.18 1 0
go.keploy.io/server/graph/schema.resolvers.go:19.23,21.3 1 0
go.keploy.io/server/graph/schema.resolvers.go:23.16,25.3 1 0
go.keploy.io/server/graph/schema.resolvers.go:29.89,31.16 2 0
go.keploy.io/server/graph/schema.resolvers.go:34.2,34.18 1 0
go.keploy.io/server/graph/schema.resolvers.go:31.16,33.3 1 0
go.keploy.io/server/graph/schema.resolvers.go:37.88,39.16 2 0
go.keploy.io/server/graph/schema.resolvers.go:42.2,42.18 1 0
go.keploy.io/server/graph/schema.resolvers.go:39.16,41.3 1 0
go.keploy.io/server/graph/schema.resolvers.go:45.73,47.16 2 0
go.keploy.io/server/graph/schema.resolvers.go:50.2,51.25 2 0
go.keploy.io/server/graph/schema.resolvers.go:55.2,55.17 1 0
go.keploy.io/server/graph/schema.resolvers.go:47.16,49.3 1 0
go.keploy.io/server/graph/schema.resolvers.go:51.25,53.3 1 0
go.keploy.io/server/graph/schema.resolvers.go:58.176,61.37 3 0
go.keploy.io/server/graph/schema.resolvers.go:65.2,68.16 3 0
go.keploy.io/server/graph/schema.resolvers.go:72.2,73.27 2 0
go.keploy.io/server/graph/schema.resolvers.go:132.2,132.17 1 0
go.keploy.io/server/graph/schema.resolvers.go:61.37,63.3 1 0
go.keploy.io/server/graph/schema.resolvers.go:68.16,70.3 1 0
go.keploy.io/server/graph/schema.resolvers.go:73.27,75.23 2 0
go.keploy.io/server/graph/schema.resolvers.go:94.3,128.24 2 0
go.keploy.io/server/graph/schema.resolvers.go:75.23,76.32 1 0
go.keploy.io/server/graph/schema.resolvers.go:76.32,91.5 3 0
go.keploy.io/server/graph/schema.resolvers.go:135.132,137.16 2 0
go.keploy.io/server/graph/schema.resolvers.go:141.2,141.15 1 0
go.keploy.io/server/graph/schema.resolvers.go:149.2,150.16 2 0
go.keploy.io/server/graph/schema.resolvers.go:153.2,154.24 2 0
go.keploy.io/server/graph/schema.resolvers.go:157.2,157.17 1 0
go.keploy.io/server/graph/schema.resolvers.go:137.16,139.3 1 0
go.keploy.io/server/graph/schema.resolvers.go:141.15,143.17 2 0
go.keploy.io/server/graph/schema.resolvers.go:146.3,146.53 1 0
go.keploy.io/server/graph/schema.resolvers.go:143.17,145.4 1 0
go.keploy.io/server/graph/schema.resolvers.go:150.16,152.3 1 0
go.keploy.io/server/graph/schema.resolvers.go:154.24,156.3 1 0
go.keploy.io/server/graph/schema.resolvers.go:160.119,161.38 1 0
go.keploy.io/server/graph/schema.resolvers.go:165.66,165.101 1 0
go.keploy.io/server/graph/utils.go:17.68,18.11 1 0
go.keploy.io/server/graph/utils.go:19.31,20.35 1 0
go.keploy.io/server/graph/utils.go:21.32,22.36 1 0
go.keploy.io/server/graph/utils.go:23.10,24.35 1 0
go.keploy.io/server/graph/utils.go:28.59,29.11 1 0
go.keploy.io/server/graph/utils.go:30.28,31.32 1 0
go.keploy.io/server/graph/utils.go:32.28,33.32 1 0
go.keploy.io/server/graph/utils.go:34.29,35.33 1 0
go.keploy.io/server/graph/utils.go:36.10,37.33 1 0
go.keploy.io/server/graph/utils.go:41.50,42.11 1 0
go.keploy.io/server/graph/utils.go:43.24,44.25 1 0
go.keploy.io/server/graph/utils.go:45.25,46.26 1 0
go.keploy.io/server/graph/utils.go:47.24,48.25 1 0
go.keploy.io/server/graph/utils.go:49.27,50.28 1 0
go.keploy.io/server/graph/utils.go:51.25,52.26 1 0
go.keploy.io/server/graph/utils.go:53.28,54.29 1 0
go.keploy.io/server/graph/utils.go:55.26,56.27 1 0
go.keploy.io/server/graph/utils.go:57.10,58.27 1 0
go.keploy.io/server/graph/utils.go:62.54,64.22 2 0
go.keploy.io/server/graph/utils.go:70.2,70.11 1 0
go.keploy.io/server/graph/utils.go:64.22,69.3 1 0
go.keploy.io/server/graph/utils.go:73.54,76.29 3 0
go.keploy.io/server/graph/utils.go:83.2,90.3 1 0
go.keploy.io/server/graph/utils.go:76.29,81.3 1 0
go.keploy.io/server/graph/utils.go:93.57,99.2 1 0
go.keploy.io/server/graph/utils.go:101.48,106.2 1 0
go.keploy.io/server/graph/utils.go:108.66,114.2 1 0
go.keploy.io/server/graph/utils.go:116.53,117.11 1 0
go.keploy.io/server/graph/utils.go:118.24,119.28 1 0
go.keploy.io/server/graph/utils.go:120.10,121.29 1 0
go.keploy.io/server/graph/utils.go:125.48,127.36 2 0
go.keploy.io/server/graph/utils.go:130.2,140.3 1 0
go.keploy.io/server/graph/utils.go:127.36,129.3 1 0
go.keploy.io/server/graph/utils.go:143.61,145.22 2 0
go.keploy.io/server/graph/utils.go:148.2,148.16 1 0
go.keploy.io/server/graph/utils.go:145.22,147.3 1 0
go.keploy.io/server/graph/utils.go:151.71,157.26 2 0
go.keploy.io/server/graph/utils.go:160.2,160.26 1 0
go.keploy.io/server/graph/utils.go:163.2,163.27 1 0
go.keploy.io/server/graph/utils.go:166.2,166.22 1 0
go.keploy.io/server/graph/utils.go:169.2,169.22 1 0
go.keploy.io/server/graph/utils.go:173.2,173.22 1 0
go.keploy.io/server/graph/utils.go:177.2,177.26 1 0
go.keploy.io/server/graph/utils.go:203.2,203.27 1 0
go.keploy.io/server/graph/utils.go:217.2,217.23 1 0
go.keploy.io/server/graph/utils.go:235.2,235.11 1 0
go.keploy.io/server/graph/utils.go:157.26,159.3 1 0
go.keploy.io/server/graph/utils.go:160.26,162.3 1 0
go.keploy.io/server/graph/utils.go:163.27,165.3 1 0
go.keploy.io/server/graph/utils.go:166.22,168.3 1 0
go.keploy.io/server/graph/utils.go:169.22,171.3 1 0
go.keploy.io/server/graph/utils.go:173.22,175.3 1 0
go.keploy.io/server/graph/utils.go:177.26,179.44 2 0
go.keploy.io/server/graph/utils.go:182.3,186.34 2 0
go.keploy.io/server/graph/utils.go:190.3,190.38 1 0
go.keploy.io/server/graph/utils.go:194.3,194.38 1 0
go.keploy.io/server/graph/utils.go:198.3,198.32 1 0
go.keploy.io/server/graph/utils.go:201.3,201.19 1 0
go.keploy.io/server/graph/utils.go:179.44,181.4 1 0
go.keploy.io/server/graph/utils.go:186.34,188.4 1 0
go.keploy.io/server/graph/utils.go:190.38,192.4 1 0
go.keploy.io/server/graph/utils.go:194.38,196.4 1 0
go.keploy.io/server/graph/utils.go:198.32,200.4 1 0
go.keploy.io/server/graph/utils.go:203.27,207.39 2 0
go.keploy.io/server/graph/utils.go:211.3,211.33 1 0
go.keploy.io/server/graph/utils.go:214.3,214.21 1 0
go.keploy.io/server/graph/utils.go:207.39,209.4 1 0
go.keploy.io/server/graph/utils.go:211.33,213.4 1 0
go.keploy.io/server/graph/utils.go:217.23,219.32 2 0
go.keploy.io/server/graph/utils.go:232.3,232.17 1 0
go.keploy.io/server/graph/utils.go:219.32,221.29 2 0
go.keploy.io/server/graph/utils.go:226.4,230.6 1 0
go.keploy.io/server/graph/utils.go:221.29,222.17 1 0
go.keploy.io/server/graph/utils.go:222.17,224.6 1 0
go.keploy.io/server/graph/utils.go:238.64,240.25 2 0
go.keploy.io/server/graph/utils.go:247.2,247.12 1 0
go.keploy.io/server/graph/utils.go:240.25,246.3 1 0
go.keploy.io/server/graph/utils.go:250.57,252.38 2 0
go.keploy.io/server/graph/utils.go:259.2,260.27 2 0
go.keploy.io/server/graph/utils.go:264.2,281.3 1 0
go.keploy.io/server/graph/utils.go:252.38,257.3 1 0
go.keploy.io/server/graph/utils.go:260.27,262.3 1 0
go.keploy.io/server/graph/utils.go:284.48,290.2 1 0
go.keploy.io/server/graph/utils.go:292.123,293.32 1 0
go.keploy.io/server/graph/utils.go:298.2,298.8 1 0
go.keploy.io/server/graph/utils.go:293.32,297.3 3 0
go.keploy.io/server/graph/utils.go:301.51,302.21 1 0
go.keploy.io/server/graph/utils.go:305.2,305.13 1 0
go.keploy.io/server/graph/utils.go:302.21,304.3 1 0
go.keploy.io/server/http/regression/regression.go:20.86,23.44 2 0
go.keploy.io/server/http/regression/regression.go:23.44,24.43 1 0
go.keploy.io/server/http/regression/regression.go:29.3,32.23 4 0
go.keploy.io/server/http/regression/regression.go:24.43,28.4 3 0
go.keploy.io/server/http/regression/regression.go:44.67,48.22 4 0
go.keploy.io/server/http/regression/regression.go:52.2,59.16 3 0
go.keploy.io/server/http/regression/regression.go:63.2,63.33 1 0
go.keploy.io/server/http/regression/regression.go:48.22,50.3 1 0
go.keploy.io/server/http/regression/regression.go:59.16,62.3 2 0
go.keploy.io/server/http/regression/regression.go:67.69,70.16 3 0
go.keploy.io/server/http/regression/regression.go:74.2,75.15 2 0
go.keploy.io/server/http/regression/regression.go:79.2,79.16 1 0
go.keploy.io/server/http/regression/regression.go:84.2,99.16 4 0
go.keploy.io/server/http/regression/regression.go:103.2,106.4 2 0
go.keploy.io/server/http/regression/regression.go:70.16,73.3 2 0
go.keploy.io/server/http/regression/regression.go:75.15,77.3 1 0
go.keploy.io/server/http/regression/regression.go:79.16,82.3 2 0
go.keploy.io/server/http/regression/regression.go:99.16,102.3 2 0
go.keploy.io/server/http/regression/regression.go:110.69,114.16 4 0
go.keploy.io/server/http/regression/regression.go:118.2,119.16 2 0
go.keploy.io/server/http/regression/regression.go:123.2,124.24 2 0
go.keploy.io/server/http/regression/regression.go:114.16,117.3 2 0
go.keploy.io/server/http/regression/regression.go:119.16,122.3 2 0
go.keploy.io/server/http/regression/regression.go:128.96,130.30 2 0
go.keploy.io/server/http/regression/regression.go:135.2,135.12 1 0
go.keploy.io/server/http/regression/regression.go:130.30,134.3 3 0
go.keploy.io/server/http/regression/regression.go:138.70,140.15 2 0
go.keploy.io/server/http/regression/regression.go:143.2,150.20 4 0
go.keploy.io/server/http/regression/regression.go:156.2,156.19 1 0
go.keploy.io/server/http/regression/regression.go:162.2,163.16 2 0
go.keploy.io/server/http/regression/regression.go:167.2,168.24 2 0
go.keploy.io/server/http/regression/regression.go:140.15,142.3 1 0
go.keploy.io/server/http/regression/regression.go:150.20,152.14 2 0
go.keploy.io/server/http/regression/regression.go:152.14,154.4 1 0
go.keploy.io/server/http/regression/regression.go:156.19,158.14 2 0
go.keploy.io/server/http/regression/regression.go:158.14,160.4 1 0
go.keploy.io/server/http/regression/regression.go:163.16,166.3 2 0
go.keploy.io/server/http/regression/regression.go:172.70,180.45 2 0
go.keploy.io/server/http/regression/regression.go:188.2,200.16 3 0
go.keploy.io/server/http/regression/regression.go:208.2,208.24 1 0
go.keploy.io/server/http/regression/regression.go:214.2,215.57 2 0
go.keploy.io/server/http/regression/regression.go:180.45,184.3 3 0
go.keploy.io/server/http/regression/regression.go:200.16,205.3 3 0
go.keploy.io/server/http/regression/regression.go:208.24,212.3 3 0
go.keploy.io/server/http/regression/regression.go:219.71,228.45 2 0
go.keploy.io/server/http/regression/regression.go:234.2,235.16 2 0
go.keploy.io/server/http/regression/regression.go:241.2,241.33 1 0
go.keploy.io/server/http/regression/regression.go:228.45,232.3 3 0
go.keploy.io/server/http/regression/regression.go:235.16,239.3 3 0
go.keploy.io/server/http/regression/regression.go:245.68,248.45 2 0
go.keploy.io/server/http/regression/regression.go:254.2,256.16 2 0
go.keploy.io/server/http/regression/regression.go:262.2,263.50 2 0
go.keploy.io/server/http/regression/regression.go:248.45,252.3 3 0
go.keploy.io/server/http/regression/regression.go:256.16,260.3 3 0
go.keploy.io/server/graph/ext.resolvers.go:11.58,11.89 1 0
go.keploy.io/server/graph/ext.resolvers.go:14.52,14.80 1 0
go.keploy.io/server/pkg/platform/mgo/rdb.go:15.84,21.2 1 0
go.keploy.io/server/pkg/platform/mgo/rdb.go:29.76,35.16 4 0
go.keploy.io/server/pkg/platform/mgo/rdb.go:38.2,38.15 1 0
go.keploy.io/server/pkg/platform/mgo/rdb.go:35.16,37.3 1 0
go.keploy.io/server/pkg/platform/mgo/rdb.go:41.82,47.16 5 0
go.keploy.io/server/pkg/platform/mgo/rdb.go:52.2,52.20 1 0
go.keploy.io/server/pkg/platform/mgo/rdb.go:62.2,62.33 1 0
go.keploy.io/server/pkg/platform/mgo/rdb.go:67.2,68.16 2 0
go.keploy.io/server/pkg/platform/mgo/rdb.go:71.2,71.17 1 0
go.keploy.io/server/pkg/platform/mgo/rdb.go:47.16,49.3 1 0
go.keploy.io/server/pkg/platform/mgo/rdb.go:52.20,55.17 3 0
go.keploy.io/server/pkg/platform/mgo/rdb.go:59.3,59.23 1 0
go.keploy.io/server/pkg/platform/mgo/rdb.go:55.17,58.4 1 0
go.keploy.io/server/pkg/platform/mgo/rdb.go:62.33,65.3 1 0
go.keploy.io/server/pkg/platform/mgo/rdb.go:68.16,70.3 1 0
go.keploy.io/server/pkg/platform/mgo/rdb.go:74.64,83.16 6 0
go.keploy.io/server/pkg/platform/mgo/rdb.go:87.2,87.12 1 0
go.keploy.io/server/pkg/platform/mgo/rdb.go:83.16,86.3 1 0
go.keploy.io/server/pkg/platform/mgo/rdb.go:90.146,94.17 2 0
go.keploy.io/server/pkg/platform/mgo/rdb.go:98.2,98.16 1 0
go.keploy.io/server/pkg/platform/mgo/rdb.go:101.2,101.15 1 0
go.keploy.io/server/pkg/platform/mgo/rdb.go:105.2,105.17 1 0
go.keploy.io/server/pkg/platform/mgo/rdb.go:109.2,109.15 1 0
go.keploy.io/server/pkg/platform/mgo/rdb.go:113.2,121.16 7 0
go.keploy.io/server/pkg/platform/mgo/rdb.go:126.2,126.20 1 0
go.keploy.io/server/pkg/platform/mgo/rdb.go:136.2,136.33 1 0
go.keploy.io/server/pkg/platform/mgo/rdb.go:141.2,142.16 2 0
go.keploy.io/server/pkg/platform/mgo/rdb.go:145.2,145.17 1 0
go.keploy.io/server/pkg/platform/mgo/rdb.go:94.17,96.3 1 0
go.keploy.io/server/pkg/platform/mgo/rdb.go:98.16,100.3 1 0
go.keploy.io/server/pkg/platform/mgo/rdb.go:101.15,103.3 1 0
go.keploy.io/server/pkg/platform/mgo/rdb.go:105.17,107.3 1 0
go.keploy.io/server/pkg/platform/mgo/rdb.go:109.15,111.3 1 0
go.keploy.io/server/pkg/platform/mgo/rdb.go:121.16,123.3 1 0
go.keploy.io/server/pkg/platform/mgo/rdb.go:126.20,129.17 3 0
go.keploy.io/server/pkg/platform/mgo/rdb.go:133.3,133.24 1 0
go.keploy.io/server/pkg/platform/mgo/rdb.go:129.17,132.4 1 0
go.keploy.io/server/pkg/platform/mgo/rdb.go:136.33,139.3 1 0
go.keploy.io/server/pkg/platform/mgo/rdb.go:142.16,144.3 1 0
go.keploy.io/server/pkg/platform/mgo/rdb.go:148.68,157.16 6 0
go.keploy.io/server/pkg/platform/mgo/rdb.go:161.2,161.12 1 0
go.keploy.io/server/pkg/platform/mgo/rdb.go:157.16,160.3 1 0
go.keploy.io/server/pkg/platform/mgo/rdb.go:164.88,166.13 2 0
go.keploy.io/server/pkg/platform/mgo/rdb.go:169.2,169.13 1 0
go.keploy.io/server/pkg/platform/mgo/rdb.go:173.2,177.16 2 0
go.keploy.io/server/pkg/platform/mgo/rdb.go:180.2,180.12 1 0
go.keploy.io/server/pkg/platform/mgo/rdb.go:166.13,168.3 1 0
go.keploy.io/server/pkg/platform/mgo/rdb.go:169.13,171.3 1 0
go.keploy.io/server/pkg/platform/mgo/rdb.go:177.16,179.3 1 0
go.keploy.io/server/web/web.go:12.29,16.2 3 0
go.keploy.io/server/pkg/match.go:13.60,15.24 2 62
go.keploy.io/server/pkg/match.go:18.2,18.14 1 62
go.keploy.io/server/pkg/match.go:15.24,17.3 1 134
go.keploy.io/server/pkg/match.go:22.66,25.59 2 32
go.keploy.io/server/pkg/match.go:25.59,28.3 2 0
go.keploy.io/server/pkg/match.go:28.8,30.3 1 32
go.keploy.io/server/pkg/match.go:33.76,36.16 3 16
go.keploy.io/server/pkg/match.go:39.2,40.16 2 16
go.keploy.io/server/pkg/match.go:43.2,43.56 1 16
go.keploy.io/server/pkg/match.go:46.2,51.36 5 13
go.keploy.io/server/pkg/match.go:36.16,38.3 1 0
go.keploy.io/server/pkg/match.go:40.16,42.3 1 0
go.keploy.io/server/pkg/match.go:43.56,45.3 1 3
go.keploy.io/server/pkg/match.go:55.78,57.18 2 214
go.keploy.io/server/pkg/match.go:58.19,60.27 2 196
go.keploy.io/server/pkg/match.go:85.3,85.12 1 196
go.keploy.io/server/pkg/match.go:86.21,90.32 3 18
go.keploy.io/server/pkg/match.go:94.3,94.13 1 18
go.keploy.io/server/pkg/match.go:95.10,96.17 1 0
go.keploy.io/server/pkg/match.go:60.27,65.27 3 344
go.keploy.io/server/pkg/match.go:68.4,69.10 2 344
go.keploy.io/server/pkg/match.go:65.27,67.5 1 224
go.keploy.io/server/pkg/match.go:69.10,71.20 1 244
go.keploy.io/server/pkg/match.go:77.5,79.28 3 152
go.keploy.io/server/pkg/match.go:82.5,82.38 1 152
go.keploy.io/server/pkg/match.go:71.20,74.14 3 92
go.keploy.io/server/pkg/match.go:79.28,81.6 1 152
go.keploy.io/server/pkg/match.go:90.32,93.4 2 36
go.keploy.io/server/pkg/match.go:102.53,104.21 2 16
go.keploy.io/server/pkg/match.go:108.2,108.12 1 16
go.keploy.io/server/pkg/match.go:104.21,107.3 2 28
go.keploy.io/server/pkg/match.go:112.60,113.56 1 92
go.keploy.io/server/pkg/match.go:116.2,116.38 1 92
go.keploy.io/server/pkg/match.go:119.2,120.18 2 92
go.keploy.io/server/pkg/match.go:170.2,170.18 1 77
go.keploy.io/server/pkg/match.go:113.56,115.3 1 0
go.keploy.io/server/pkg/match.go:116.38,118.3 1 0
go.keploy.io/server/pkg/match.go:121.23,122.25 1 3
go.keploy.io/server/pkg/match.go:126.22,127.25 1 28
go.keploy.io/server/pkg/match.go:130.20,131.25 1 8
go.keploy.io/server/pkg/match.go:134.19,137.28 3 44
go.keploy.io/server/pkg/match.go:147.3,147.25 1 42
go.keploy.io/server/pkg/match.go:154.21,157.39 3 9
go.keploy.io/server/pkg/match.go:160.3,160.39 1 9
go.keploy.io/server/pkg/match.go:167.10,168.59 1 0
go.keploy.io/server/pkg/match.go:122.25,124.4 1 0
go.keploy.io/server/pkg/match.go:127.25,129.4 1 1
go.keploy.io/server/pkg/match.go:131.25,133.4 1 0
go.keploy.io/server/pkg/match.go:137.28,139.11 2 67
go.keploy.io/server/pkg/match.go:142.4,142.51 1 67
go.keploy.io/server/pkg/match.go:139.11,141.5 1 0
go.keploy.io/server/pkg/match.go:142.51,144.5 1 2
go.keploy.io/server/pkg/match.go:147.25,149.11 2 62
go.keploy.io/server/pkg/match.go:149.11,151.5 1 6
go.keploy.io/server/pkg/match.go:157.39,159.4 1 0
go.keploy.io/server/pkg/match.go:160.39,162.107 1 12
go.keploy.io/server/pkg/match.go:162.107,164.5 1 6
go.keploy.io/server/pkg/service/regression/regression.go:23.74,33.2 1 1
go.keploy.io/server/pkg/service/regression/regression.go:51.74,56.16 4 2
go.keploy.io/server/pkg/service/regression/regression.go:60.2,63.16 4 2
go.keploy.io/server/pkg/service/regression/regression.go:67.2,67.12 1 2
go.keploy.io/server/pkg/service/regression/regression.go:56.16,59.3 2 0
go.keploy.io/server/pkg/service/regression/regression.go:63.16,66.3 2 0
go.keploy.io/server/pkg/service/regression/regression.go:70.81,72.2 1 6
go.keploy.io/server/pkg/service/regression/regression.go:74.95,77.16 2 11
go.keploy.io/server/pkg/service/regression/regression.go:81.2,81.17 1 11
go.keploy.io/server/pkg/service/regression/regression.go:77.16,80.3 2 0
go.keploy.io/server/pkg/service/regression/regression.go:84.121,86.19 2 11
go.keploy.io/server/pkg/service/regression/regression.go:89.2,89.18 1 11
go.keploy.io/server/pkg/service/regression/regression.go:93.2,95.16 2 11
go.keploy.io/server/pkg/service/regression/regression.go:99.2,99.17 1 11
go.keploy.io/server/pkg/service/regression/regression.go:86.19,88.3 1 4
go.keploy.io/server/pkg/service/regression/regression.go:89.18,91.3 1 4
go.keploy.io/server/pkg/service/regression/regression.go:95.16,98.3 2 0
go.keploy.io/server/pkg/service/regression/regression.go:102.79,103.22 1 1
go.keploy.io/server/pkg/service/regression/regression.go:111.2,111.12 1 1
go.keploy.io/server/pkg/service/regression/regression.go:103.22,105.17 2 1
go.keploy.io/server/pkg/service/regression/regression.go:105.17,108.4 2 0
go.keploy.io/server/pkg/service/regression/regression.go:114.96,119.16 3 9
go.keploy.io/server/pkg/service/regression/regression.go:123.2,123.9 1 9
go.keploy.io/server/pkg/service/regression/regression.go:127.2,128.16 2 4
go.keploy.io/server/pkg/service/regression/regression.go:133.2,133.18 1 4
go.keploy.io/server/pkg/service/regression/regression.go:119.16,122.3 2 0
go.keploy.io/server/pkg/service/regression/regression.go:123.9,126.3 2 5
go.keploy.io/server/pkg/service/regression/regression.go:128.16,131.3 2 0
go.keploy.io/server/pkg/service/regression/regression.go:136.100,138.19 2 9
go.keploy.io/server/pkg/service/regression/regression.go:141.2,141.24 1 9
go.keploy.io/server/pkg/service/regression/regression.go:150.2,150.17 1 9
go.keploy.io/server/pkg/service/regression/regression.go:138.19,140.3 1 0
go.keploy.io/server/pkg/service/regression/regression.go:141.24,143.17 2 9
go.keploy.io/server/pkg/service/regression/regression.go:148.3,148.24 1 9
go.keploy.io/server/pkg/service/regression/regression.go:143.17,147.4 3 0
go.keploy.io/server/pkg/service/regression/regression.go:153.136,156.16 2 18
go.keploy.io/server/pkg/service/regression/regression.go:160.2,161.35 2 18
go.keploy.io/server/pkg/service/regression/regression.go:164.2,182.29 5 18
go.keploy.io/server/pkg/service/regression/regression.go:190.2,190.34 1 18
go.keploy.io/server/pkg/service/regression/regression.go:201.2,203.64 2 18
go.keploy.io/server/pkg/service/regression/regression.go:206.2,208.47 2 18
go.keploy.io/server/pkg/service/regression/regression.go:214.2,214.28 1 18
go.keploy.io/server/pkg/service/regression/regression.go:156.16,159.3 2 0
go.keploy.io/server/pkg/service/regression/regression.go:161.35,163.3 1 16
go.keploy.io/server/pkg/service/regression/regression.go:182.29,184.35 2 31
go.keploy.io/server/pkg/service/regression/regression.go:184.35,187.4 2 30
go.keploy.io/server/pkg/service/regression/regression.go:190.34,192.17 2 16
go.keploy.io/server/pkg/service/regression/regression.go:192.17,194.4 1 0
go.keploy.io/server/pkg/service/regression/regression.go:195.8,196.71 1 2
go.keploy.io/server/pkg/service/regression/regression.go:196.71,198.4 1 2
go.keploy.io/server/pkg/service/regression/regression.go:203.64,205.3 1 7
go.keploy.io/server/pkg/service/regression/regression.go:208.47,210.3 1 16
go.keploy.io/server/pkg/service/regression/regression.go:210.8,212.3 1 2
go.keploy.io/server/pkg/service/regression/regression.go:217.112,221.15 4 18
go.keploy.io/server/pkg/service/regression/regression.go:235.2,236.15 2 18
go.keploy.io/server/pkg/service/regression/regression.go:243.2,243.16 1 18
go.keploy.io/server/pkg/service/regression/regression.go:247.2,247.8 1 18
go.keploy.io/server/pkg/service/regression/regression.go:251.2,252.19 2 14
go.keploy.io/server/pkg/service/regression/regression.go:221.15,234.3 1 18
go.keploy.io/server/pkg/service/regression/regression.go:236.15,238.18 2 18
go.keploy.io/server/pkg/service/regression/regression.go:238.18,240.4 1 0
go.keploy.io/server/pkg/service/regression/regression.go:243.16,246.3 2 0
go.keploy.io/server/pkg/service/regression/regression.go:247.8,250.3 2 4
go.keploy.io/server/pkg/service/regression/regression.go:255.73,257.16 2 18
go.keploy.io/server/pkg/service/regression/regression.go:260.2,260.38 1 18
go.keploy.io/server/pkg/service/regression/regression.go:266.2,266.16 1 18
go.keploy.io/server/pkg/service/regression/regression.go:269.2,269.12 1 18
go.keploy.io/server/pkg/service/regression/regression.go:257.16,259.3 1 0
go.keploy.io/server/pkg/service/regression/regression.go:260.38,262.3 1 14
go.keploy.io/server/pkg/service/regression/regression.go:262.8,264.3 1 4
go.keploy.io/server/pkg/service/regression/regression.go:266.16,268.3 1 0
go.keploy.io/server/pkg/service/regression/regression.go:272.99,275.16 2 9
go.keploy.io/server/pkg/service/regression/regression.go:280.2,283.39 2 9
go.keploy.io/server/pkg/service/regression/regression.go:287.2,287.22 1 9
go.keploy.io/server/pkg/service/regression/regression.go:291.2,292.16 2 9
go.keploy.io/server/pkg/service/regression/regression.go:297.2,298.16 2 9
go.keploy.io/server/pkg/service/regression/regression.go:303.2,304.22 2 9
go.keploy.io/server/pkg/service/regression/regression.go:315.2,317.16 3 9
go.keploy.io/server/pkg/service/regression/regression.go:321.2,321.12 1 9
go.keploy.io/server/pkg/service/regression/regression.go:275.16,278.3 2 0
go.keploy.io/server/pkg/service/regression/regression.go:283.39,285.3 1 8
go.keploy.io/server/pkg/service/regression/regression.go:287.22,289.3 1 8
go.keploy.io/server/pkg/service/regression/regression.go:292.16,295.3 2 0
go.keploy.io/server/pkg/service/regression/regression.go:298.16,301.3 2 0
go.keploy.io/server/pkg/service/regression/regression.go:304.22,306.10 2 47
go.keploy.io/server/pkg/service/regression/regression.go:310.3,310.32 1 46
go.keploy.io/server/pkg/service/regression/regression.go:306.10,308.12 2 1
go.keploy.io/server/pkg/service/regression/regression.go:310.32,312.4 1 17
go.keploy.io/server/pkg/service/regression/regression.go:317.16,320.3 2 0
go.keploy.io/server/pkg/service/regression/regression.go:324.56,326.30 1 18
go.keploy.io/server/pkg/service/regression/regression.go:345.2,345.12 1 18
go.keploy.io/server/pkg/service/regression/regression.go:326.30,330.17 3 18
go.keploy.io/server/pkg/service/regression/regression.go:333.3,334.23 2 18
go.keploy.io/server/pkg/service/regression/regression.go:330.17,332.4 1 0
go.keploy.io/server/pkg/service/regression/regression.go:334.23,336.15 2 78
go.keploy.io/server/pkg/service/regression/regression.go:339.4,339.13 1 78
go.keploy.io/server/pkg/service/regression/regression.go:336.15,338.5 1 78
go.keploy.io/server/pkg/service/regression/regression.go:341.8,344.3 1 0
go.keploy.io/server/pkg/service/regression/regression.go:351.49,352.14 1 242
go.keploy.io/server/pkg/service/regression/regression.go:355.2,357.18 3 242
go.keploy.io/server/pkg/service/regression/regression.go:397.2,397.10 1 242
go.keploy.io/server/pkg/service/regression/regression.go:352.14,354.3 1 0
go.keploy.io/server/pkg/service/regression/regression.go:358.19,360.10 2 76
go.keploy.io/server/pkg/service/regression/regression.go:363.3,363.23 1 76
go.keploy.io/server/pkg/service/regression/regression.go:373.20,374.49 1 16
go.keploy.io/server/pkg/service/regression/regression.go:375.23,376.64 1 60
go.keploy.io/server/pkg/service/regression/regression.go:377.22,378.31 1 68
go.keploy.io/server/pkg/service/regression/regression.go:379.21,381.10 2 22
go.keploy.io/server/pkg/service/regression/regression.go:384.3,384.28 1 22
go.keploy.io/server/pkg/service/regression/regression.go:394.10,395.58 1 0
go.keploy.io/server/pkg/service/regression/regression.go:360.10,362.4 1 0
go.keploy.io/server/pkg/service/regression/regression.go:363.23,365.27 2 180
go.keploy.io/server/pkg/service/regression/regression.go:365.27,367.17 2 248
go.keploy.io/server/pkg/service/regression/regression.go:370.5,370.15 1 248
go.keploy.io/server/pkg/service/regression/regression.go:367.17,369.6 1 116
go.keploy.io/server/pkg/service/regression/regression.go:381.10,383.4 1 0
go.keploy.io/server/pkg/service/regression/regression.go:384.28,386.27 2 44
go.keploy.io/server/pkg/service/regression/regression.go:386.27,387.36 1 132
go.keploy.io/server/pkg/service/regression/regression.go:387.36,389.6 1 66
go.keploy.io/server/pkg/service/regression/regression.go:389.11,391.6 1 66
go.keploy.io/server/pkg/service/regression/regression.go:400.89,404.16 4 9
go.keploy.io/server/pkg/service/regression/regression.go:408.2,415.18 5 2
go.keploy.io/server/pkg/service/regression/regression.go:442.2,442.19 1 2
go.keploy.io/server/pkg/service/regression/regression.go:404.16,406.3 1 7
go.keploy.io/server/pkg/service/regression/regression.go:415.18,419.17 4 2
go.keploy.io/server/pkg/service/regression/regression.go:422.3,422.25 1 2
go.keploy.io/server/pkg/service/regression/regression.go:440.3,440.99 1 2
go.keploy.io/server/pkg/service/regression/regression.go:419.17,421.4 1 0
go.keploy.io/server/pkg/service/regression/regression.go:422.25,428.33 2 0
go.keploy.io/server/pkg/service/regression/regression.go:428.33,429.30 1 0
go.keploy.io/server/pkg/service/regression/regression.go:432.5,432.27 1 0
go.keploy.io/server/pkg/service/regression/regression.go:435.5,435.34 1 0
go.keploy.io/server/pkg/service/regression/regression.go:429.30,431.6 1 0
go.keploy.io/server/pkg/service/regression/regression.go:432.27,434.6 1 0
go.keploy.io/server/pkg/service/regression/regression.go:435.34,437.6 1 0
go.keploy.io/server/pkg/service/regression/regression.go:445.83,451.16 4 9
go.keploy.io/server/pkg/service/regression/regression.go:456.2,456.37 1 9
go.keploy.io/server/pkg/service/regression/regression.go:461.2,461.40 1 9
go.keploy.io/server/pkg/service/regression/regression.go:466.2,466.40 1 9
go.keploy.io/server/pkg/service/regression/regression.go:483.2,483.28 1 9
go.keploy.io/server/pkg/service/regression/regression.go:504.2,504.26 1 9
go.keploy.io/server/pkg/service/regression/regression.go:509.2,510.16 2 9
go.keploy.io/server/pkg/service/regression/regression.go:514.2,522.17 4 9
go.keploy.io/server/pkg/service/regression/regression.go:451.16,453.3 1 0
go.keploy.io/server/pkg/service/regression/regression.go:456.37,458.3 1 36
go.keploy.io/server/pkg/service/regression/regression.go:461.40,463.3 1 15
go.keploy.io/server/pkg/service/regression/regression.go:466.40,470.17 3 0
go.keploy.io/server/pkg/service/regression/regression.go:473.3,474.26 2 0
go.keploy.io/server/pkg/service/regression/regression.go:470.17,472.4 1 0
go.keploy.io/server/pkg/service/regression/regression.go:474.26,476.15 2 0
go.keploy.io/server/pkg/service/regression/regression.go:479.4,479.19 1 0
go.keploy.io/server/pkg/service/regression/regression.go:476.15,478.5 1 0
go.keploy.io/server/pkg/service/regression/regression.go:483.28,484.31 1 51
go.keploy.io/server/pkg/service/regression/regression.go:484.31,486.24 1 51
go.keploy.io/server/pkg/service/regression/regression.go:492.4,492.42 1 51
go.keploy.io/server/pkg/service/regression/regression.go:500.4,500.21 1 51
go.keploy.io/server/pkg/service/regression/regression.go:486.24,487.46 1 51
go.keploy.io/server/pkg/service/regression/regression.go:490.5,490.64 1 51
go.keploy.io/server/pkg/service/regression/regression.go:487.46,489.6 1 11
go.keploy.io/server/pkg/service/regression/regression.go:492.42,495.19 3 0
go.keploy.io/server/pkg/service/regression/regression.go:498.5,498.13 1 0
go.keploy.io/server/pkg/service/regression/regression.go:495.19,497.6 1 0
go.keploy.io/server/pkg/service/regression/regression.go:504.26,506.3 1 0
go.keploy.io/server/pkg/service/regression/regression.go:510.16,512.3 1 0
go.keploy.io/server/pkg/service/regression/regression.go:525.105,526.28 1 9
go.keploy.io/server/pkg/service/regression/regression.go:529.2,529.37 1 9
go.keploy.io/server/pkg/service/regression/regression.go:534.2,534.19 1 4
go.keploy.io/server/pkg/service/regression/regression.go:526.28,528.3 1 51
go.keploy.io/server/pkg/service/regression/regression.go:529.37,530.36 1 5
go.keploy.io/server/pkg/service/regression/regression.go:530.36,532.4 1 5
go.keploy.io/server/pkg/service/regression/regression.go:538.38,540.22 2 51
go.keploy.io/server/pkg/service/regression/regression.go:543.2,543.21 1 51
go.keploy.io/server/pkg/service/regression/regression.go:546.2,546.48 1 0
go.keploy.io/server/pkg/service/regression/regression.go:549.2,549.14 1 0
go.keploy.io/server/pkg/service/regression/regression.go:540.22,542.3 1 52
go.keploy.io/server/pkg/service/regression/regression.go:543.21,545.3 1 51
go.keploy.io/server/pkg/service/regression/regression.go:546.48,548.3 1 0
go.keploy.io/server/graph/ext.resolvers.go:11.58,11.89 1 4
go.keploy.io/server/graph/ext.resolvers.go:14.52,14.80 1 32
go.keploy.io/server/http/regression/request.go:19.53,20.23 1 9
go.keploy.io/server/http/regression/request.go:24.2,24.21 1 9
go.keploy.io/server/http/regression/request.go:28.2,28.12 1 9
go.keploy.io/server/http/regression/request.go:20.23,22.3 1 0
go.keploy.io/server/http/regression/request.go:24.21,26.3 1 0
go.keploy.io/server/http/regression/request.go:38.49,39.18 1 27
go.keploy.io/server/http/regression/request.go:43.2,43.21 1 27
go.keploy.io/server/http/regression/request.go:47.2,47.12 1 27
go.keploy.io/server/http/regression/request.go:39.18,41.3 1 0
go.keploy.io/server/http/regression/request.go:43.21,45.3 1 0
go.keploy.io/server/pkg/platform/mgo/rdb.go:15.84,21.2 1 1
go.keploy.io/server/pkg/platform/mgo/rdb.go:29.76,35.16 4 1
go.keploy.io/server/pkg/platform/mgo/rdb.go:38.2,38.15 1 1
go.keploy.io/server/pkg/platform/mgo/rdb.go:35.16,37.3 1 0
go.keploy.io/server/pkg/platform/mgo/rdb.go:41.82,47.16 5 4
go.keploy.io/server/pkg/platform/mgo/rdb.go:52.2,52.20 1 4
go.keploy.io/server/pkg/platform/mgo/rdb.go:62.2,62.33 1 4
go.keploy.io/server/pkg/platform/mgo/rdb.go:67.2,68.16 2 4
go.keploy.io/server/pkg/platform/mgo/rdb.go:71.2,71.17 1 4
go.keploy.io/server/pkg/platform/mgo/rdb.go:47.16,49.3 1 0
go.keploy.io/server/pkg/platform/mgo/rdb.go:52.20,55.17 3 7
go.keploy.io/server/pkg/platform/mgo/rdb.go:59.3,59.23 1 7
go.keploy.io/server/pkg/platform/mgo/rdb.go:55.17,58.4 1 0
go.keploy.io/server/pkg/platform/mgo/rdb.go:62.33,65.3 1 0
go.keploy.io/server/pkg/platform/mgo/rdb.go:68.16,70.3 1 0
go.keploy.io/server/pkg/platform/mgo/rdb.go:74.64,83.16 6 18
go.keploy.io/server/pkg/platform/mgo/rdb.go:87.2,87.12 1 18
go.keploy.io/server/pkg/platform/mgo/rdb.go:83.16,86.3 1 0
go.keploy.io/server/pkg/platform/mgo/rdb.go:90.146,94.17 2 10
go.keploy.io/server/pkg/platform/mgo/rdb.go:98.2,98.16 1 10
go.keploy.io/server/pkg/platform/mgo/rdb.go:101.2,101.15 1 10
go.keploy.io/server/pkg/platform/mgo/rdb.go:105.2,105.17 1 10
go.keploy.io/server/pkg/platform/mgo/rdb.go:109.2,109.15 1 10
go.keploy.io/server/pkg/platform/mgo/rdb.go:113.2,121.16 7 10
go.keploy.io/server/pkg/platform/mgo/rdb.go:126.2,126.20 1 10
go.keploy.io/server/pkg/platform/mgo/rdb.go:136.2,136.33 1 10
go.keploy.io/server/pkg/platform/mgo/rdb.go:141.2,142.16 2 10
go.keploy.io/server/pkg/platform/mgo/rdb.go:145.2,145.17 1 10
go.keploy.io/server/pkg/platform/mgo/rdb.go:94.17,96.3 1 10
go.keploy.io/server/pkg/platform/mgo/rdb.go:98.16,100.3 1 0
go.keploy.io/server/pkg/platform/mgo/rdb.go:101.15,103.3 1 4
go.keploy.io/server/pkg/platform/mgo/rdb.go:105.17,107.3 1 0
go.keploy.io/server/pkg/platform/mgo/rdb.go:109.15,111.3 1 0
go.keploy.io/server/pkg/platform/mgo/rdb.go:121.16,123.3 1 0
go.keploy.io/server/pkg/platform/mgo/rdb.go:126.20,129.17 3 12
go.keploy.io/server/pkg/platform/mgo/rdb.go:133.3,133.24 1 12
go.keploy.io/server/pkg/platform/mgo/rdb.go:129.17,132.4 1 0
go.keploy.io/server/pkg/platform/mgo/rdb.go:136.33,139.3 1 0
go.keploy.io/server/pkg/platform/mgo/rdb.go:142.16,144.3 1 0
go.keploy.io/server/pkg/platform/mgo/rdb.go:148.68,157.16 6 13
go.keploy.io/server/pkg/platform/mgo/rdb.go:161.2,161.12 1 13
go.keploy.io/server/pkg/platform/mgo/rdb.go:157.16,160.3 1 0
go.keploy.io/server/pkg/platform/mgo/rdb.go:164.88,166.13 2 18
go.keploy.io/server/pkg/platform/mgo/rdb.go:169.2,169.13 1 18
go.keploy.io/server/pkg/platform/mgo/rdb.go:173.2,177.16 2 18
go.keploy.io/server/pkg/platform/mgo/rdb.go:180.2,180.12 1 18
go.keploy.io/server/pkg/platform/mgo/rdb.go:166.13,168.3 1 4
go.keploy.io/server/pkg/platform/mgo/rdb.go:169.13,171.3 1 14
go.keploy.io/server/pkg/platform/mgo/rdb.go:177.16,179.3 1 0
go.keploy.io/server/pkg/utils.go:9.83,11.23 2 18
go.keploy.io/server/pkg/utils.go:88.2,88.23 1 18
go.keploy.io/server/pkg/utils.go:113.2,113.14 1 18
go.keploy.io/server/pkg/utils.go:11.23,13.43 1 14
go.keploy.io/server/pkg/utils.go:16.3,17.10 2 14
go.keploy.io/server/pkg/utils.go:36.3,36.25 1 14
go.keploy.io/server/pkg/utils.go:54.3,54.23 1 14
go.keploy.io/server/pkg/utils.go:74.3,74.23 1 14
go.keploy.io/server/pkg/utils.go:13.43,14.12 1 0
go.keploy.io/server/pkg/utils.go:17.10,19.24 1 0
go.keploy.io/server/pkg/utils.go:33.4,34.12 2 0
go.keploy.io/server/pkg/utils.go:19.24,31.5 1 0
go.keploy.io/server/pkg/utils.go:36.25,38.24 1 0
go.keploy.io/server/pkg/utils.go:51.4,52.12 2 0
go.keploy.io/server/pkg/utils.go:38.24,50.5 1 0
go.keploy.io/server/pkg/utils.go:54.23,55.19 1 14
go.keploy.io/server/pkg/utils.go:55.19,57.25 1 1
go.keploy.io/server/pkg/utils.go:70.5,71.13 2 1
go.keploy.io/server/pkg/utils.go:57.25,69.6 1 1
go.keploy.io/server/pkg/utils.go:74.23,86.4 1 13
go.keploy.io/server/pkg/utils.go:88.23,90.43 1 20
go.keploy.io/server/pkg/utils.go:93.3,94.10 2 20
go.keploy.io/server/pkg/utils.go:90.43,91.12 1 0
go.keploy.io/server/pkg/utils.go:94.10,96.24 1 6
go.keploy.io/server/pkg/utils.go:110.4,110.17 1 6
go.keploy.io/server/pkg/utils.go:96.24,108.5 1 6
go.keploy.io/server/pkg/utils.go:116.57,117.25 1 21
go.keploy.io/server/pkg/utils.go:122.2,122.13 1 20
go.keploy.io/server/pkg/utils.go:117.25,118.28 1 8
go.keploy.io/server/pkg/utils.go:118.28,120.4 1 1
go.keploy.io/server/pkg/utils.go:125.46,126.26 1 12
go.keploy.io/server/pkg/utils.go:131.2,131.14 1 8
go.keploy.io/server/pkg/utils.go:126.26,127.13 1 96
go.keploy.io/server/pkg/utils.go:127.13,129.4 1 4
go.keploy.io/server/graph/resolver.go:15.89,22.2 1 1
go.keploy.io/server/graph/utils.go:17.68,18.11 1 12
go.keploy.io/server/graph/utils.go:19.31,20.35 1 5
go.keploy.io/server/graph/utils.go:21.32,22.36 1 0
go.keploy.io/server/graph/utils.go:23.10,24.35 1 7
go.keploy.io/server/graph/utils.go:28.59,29.11 1 7
go.keploy.io/server/graph/utils.go:30.28,31.32 1 3
go.keploy.io/server/graph/utils.go:32.28,33.32 1 4
go.keploy.io/server/graph/utils.go:34.29,35.33 1 0
go.keploy.io/server/graph/utils.go:36.10,37.33 1 0
go.keploy.io/server/graph/utils.go:41.50,42.11 1 27
go.keploy.io/server/graph/utils.go:43.24,44.25 1 27
go.keploy.io/server/graph/utils.go:45.25,46.26 1 0
go.keploy.io/server/graph/utils.go:47.24,48.25 1 0
go.keploy.io/server/graph/utils.go:49.27,50.28 1 0
go.keploy.io/server/graph/utils.go:51.25,52.26 1 0
go.keploy.io/server/graph/utils.go:53.28,54.29 1 0
go.keploy.io/server/graph/utils.go:55.26,56.27 1 0
go.keploy.io/server/graph/utils.go:57.10,58.27 1 0
go.keploy.io/server/graph/utils.go:62.54,64.22 2 81
go.keploy.io/server/graph/utils.go:70.2,70.11 1 81
go.keploy.io/server/graph/utils.go:64.22,69.3 1 297
go.keploy.io/server/graph/utils.go:73.54,76.29 3 27
go.keploy.io/server/graph/utils.go:83.2,90.3 1 27
go.keploy.io/server/graph/utils.go:76.29,81.3 1 108
go.keploy.io/server/graph/utils.go:93.57,99.2 1 7
go.keploy.io/server/graph/utils.go:101.48,106.2 1 0
go.keploy.io/server/graph/utils.go:108.66,114.2 1 0
go.keploy.io/server/graph/utils.go:116.53,117.11 1 7
go.keploy.io/server/graph/utils.go:118.24,119.28 1 5
go.keploy.io/server/graph/utils.go:120.10,121.29 1 2
go.keploy.io/server/graph/utils.go:125.48,127.36 2 7
go.keploy.io/server/graph/utils.go:130.2,140.3 1 7
go.keploy.io/server/graph/utils.go:127.36,129.3 1 0
go.keploy.io/server/graph/utils.go:143.61,145.22 2 2
go.keploy.io/server/graph/utils.go:148.2,148.16 1 2
go.keploy.io/server/graph/utils.go:145.22,147.3 1 4
go.keploy.io/server/graph/utils.go:151.71,157.26 2 1
go.keploy.io/server/graph/utils.go:160.2,160.26 1 1
go.keploy.io/server/graph/utils.go:163.2,163.27 1 1
go.keploy.io/server/graph/utils.go:166.2,166.22 1 1
go.keploy.io/server/graph/utils.go:169.2,169.22 1 1
go.keploy.io/server/graph/utils.go:173.2,173.22 1 1
go.keploy.io/server/graph/utils.go:177.2,177.26 1 1
go.keploy.io/server/graph/utils.go:203.2,203.27 1 1
go.keploy.io/server/graph/utils.go:217.2,217.23 1 1
go.keploy.io/server/graph/utils.go:235.2,235.11 1 1
go.keploy.io/server/graph/utils.go:157.26,159.3 1 1
go.keploy.io/server/graph/utils.go:160.26,162.3 1 1
go.keploy.io/server/graph/utils.go:163.27,165.3 1 1
go.keploy.io/server/graph/utils.go:166.22,168.3 1 1
go.keploy.io/server/graph/utils.go:169.22,171.3 1 1
go.keploy.io/server/graph/utils.go:173.22,175.3 1 1
go.keploy.io/server/graph/utils.go:177.26,179.44 2 1
go.keploy.io/server/graph/utils.go:182.3,186.34 2 1
go.keploy.io/server/graph/utils.go:190.3,190.38 1 1
go.keploy.io/server/graph/utils.go:194.3,194.38 1 1
go.keploy.io/server/graph/utils.go:198.3,198.32 1 1
go.keploy.io/server/graph/utils.go:201.3,201.19 1 1
go.keploy.io/server/graph/utils.go:179.44,181.4 1 1
go.keploy.io/server/graph/utils.go:186.34,188.4 1 1
go.keploy.io/server/graph/utils.go:190.38,192.4 1 1
go.keploy.io/server/graph/utils.go:194.38,196.4 1 1
go.keploy.io/server/graph/utils.go:198.32,200.4 1 1
go.keploy.io/server/graph/utils.go:203.27,207.39 2 1
go.keploy.io/server/graph/utils.go:211.3,211.33 1 1
go.keploy.io/server/graph/utils.go:214.3,214.21 1 1
go.keploy.io/server/graph/utils.go:207.39,209.4 1 1
go.keploy.io/server/graph/utils.go:211.33,213.4 1 1
go.keploy.io/server/graph/utils.go:217.23,219.32 2 1
go.keploy.io/server/graph/utils.go:232.3,232.17 1 1
go.keploy.io/server/graph/utils.go:219.32,221.29 2 2
go.keploy.io/server/graph/utils.go:226.4,230.6 1 2
go.keploy.io/server/graph/utils.go:221.29,222.17 1 10
go.keploy.io/server/graph/utils.go:222.17,224.6 1 10
go.keploy.io/server/graph/utils.go:238.64,240.25 2 27
go.keploy.io/server/graph/utils.go:247.2,247.12 1 27
go.keploy.io/server/graph/utils.go:240.25,246.3 1 54
go.keploy.io/server/graph/utils.go:250.57,252.38 2 20
go.keploy.io/server/graph/utils.go:259.2,260.27 2 20
go.keploy.io/server/graph/utils.go:264.2,281.3 1 20
go.keploy.io/server/graph/utils.go:252.38,257.3 1 0
go.keploy.io/server/graph/utils.go:260.27,262.3 1 45
go.keploy.io/server/graph/utils.go:284.48,290.2 1 10
go.keploy.io/server/graph/utils.go:292.123,293.32 1 320
go.keploy.io/server/graph/utils.go:298.2,298.8 1 320
go.keploy.io/server/graph/utils.go:293.32,297.3 3 310
go.keploy.io/server/graph/utils.go:301.51,302.21 1 310
go.keploy.io/server/graph/utils.go:305.2,305.13 1 94
go.keploy.io/server/graph/utils.go:302.21,304.3 1 216
go.keploy.io/server/http/regression/regression.go:20.86,23.44 2 1
go.keploy.io/server/http/regression/regression.go:23.44,24.43 1 1
go.keploy.io/server/http/regression/regression.go:29.3,32.23 4 1
go.keploy.io/server/http/regression/regression.go:24.43,28.4 3 1
go.keploy.io/server/http/regression/regression.go:44.67,48.22 4 7
go.keploy.io/server/http/regression/regression.go:52.2,59.16 3 7
go.keploy.io/server/http/regression/regression.go:63.2,63.33 1 7
go.keploy.io/server/http/regression/regression.go:48.22,50.3 1 2
go.keploy.io/server/http/regression/regression.go:59.16,62.3 2 0
go.keploy.io/server/http/regression/regression.go:67.69,70.16 3 6
go.keploy.io/server/http/regression/regression.go:74.2,75.15 2 6
go.keploy.io/server/http/regression/regression.go:79.2,79.16 1 6
go.keploy.io/server/http/regression/regression.go:84.2,99.16 4 6
go.keploy.io/server/http/regression/regression.go:103.2,106.4 2 6
go.keploy.io/server/http/regression/regression.go:70.16,73.3 2 0
go.keploy.io/server/http/regression/regression.go:75.15,77.3 1 0
go.keploy.io/server/http/regression/regression.go:79.16,82.3 2 0
go.keploy.io/server/http/regression/regression.go:99.16,102.3 2 0
go.keploy.io/server/http/regression/regression.go:110.69,114.16 4 1
go.keploy.io/server/http/regression/regression.go:118.2,119.16 2 1
go.keploy.io/server/http/regression/regression.go:123.2,124.24 2 1
go.keploy.io/server/http/regression/regression.go:114.16,117.3 2 0
go.keploy.io/server/http/regression/regression.go:119.16,122.3 2 0
go.keploy.io/server/http/regression/regression.go:128.96,130.30 2 11
go.keploy.io/server/http/regression/regression.go:135.2,135.12 1 11
go.keploy.io/server/http/regression/regression.go:130.30,134.3 3 0
go.keploy.io/server/http/regression/regression.go:138.70,140.15 2 4
go.keploy.io/server/http/regression/regression.go:143.2,150.20 4 4
go.keploy.io/server/http/regression/regression.go:156.2,156.19 1 4
go.keploy.io/server/http/regression/regression.go:162.2,163.16 2 4
go.keploy.io/server/http/regression/regression.go:167.2,168.24 2 4
go.keploy.io/server/http/regression/regression.go:140.15,142.3 1 0
go.keploy.io/server/http/regression/regression.go:150.20,152.14 2 4
go.keploy.io/server/http/regression/regression.go:152.14,154.4 1 0
go.keploy.io/server/http/regression/regression.go:156.19,158.14 2 4
go.keploy.io/server/http/regression/regression.go:158.14,160.4 1 0
go.keploy.io/server/http/regression/regression.go:163.16,166.3 2 0
go.keploy.io/server/http/regression/regression.go:172.70,180.45 2 9
go.keploy.io/server/http/regression/regression.go:188.2,200.16 3 9
go.keploy.io/server/http/regression/regression.go:208.2,208.24 1 9
go.keploy.io/server/http/regression/regression.go:214.2,215.57 2 9
go.keploy.io/server/http/regression/regression.go:180.45,184.3 3 0
go.keploy.io/server/http/regression/regression.go:200.16,205.3 3 0
go.keploy.io/server/http/regression/regression.go:208.24,212.3 3 0
go.keploy.io/server/http/regression/regression.go:219.71,228.45 2 9
go.keploy.io/server/http/regression/regression.go:234.2,235.16 2 9
go.keploy.io/server/http/regression/regression.go:241.2,241.33 1 9
go.keploy.io/server/http/regression/regression.go:228.45,232.3 3 0
go.keploy.io/server/http/regression/regression.go:235.16,239.3 3 0
go.keploy.io/server/http/regression/regression.go:245.68,248.45 2 18
go.keploy.io/server/http/regression/regression.go:254.2,256.16 2 18
go.keploy.io/server/http/regression/regression.go:262.2,263.50 2 18
go.keploy.io/server/http/regression/regression.go:248.45,252.3 3 0
go.keploy.io/server/http/regression/regression.go:256.16,260.3 3 0
go.keploy.io/server/server/server.go:41.24,45.16 3 1
go.keploy.io/server/server/server.go:48.2,52.16 4 1
go.keploy.io/server/server/server.go:56.2,57.16 2 1
go.keploy.io/server/server/server.go:61.2,98.65 12 1
go.keploy.io/server/server/server.go:102.2,105.37 2 1
go.keploy.io/server/server/server.go:110.2,110.10 1 1
go.keploy.io/server/server/server.go:45.16,46.13 1 0
go.keploy.io/server/server/server.go:52.16,54.3 1 0
go.keploy.io/server/server/server.go:57.16,59.3 1 0
go.keploy.io/server/server/server.go:98.65,100.3 1 1
go.keploy.io/server/server/server.go:105.37,109.3 3 1
go.keploy.io/server/pkg/service/run/run.go:12.63,18.2 1 1
go.keploy.io/server/pkg/service/run/run.go:26.68,28.16 2 1
go.keploy.io/server/pkg/service/run/run.go:32.2,33.16 2 1
go.keploy.io/server/pkg/service/run/run.go:38.2,40.16 3 1
go.keploy.io/server/pkg/service/run/run.go:44.2,44.12 1 1
go.keploy.io/server/pkg/service/run/run.go:28.16,31.3 2 0
go.keploy.io/server/pkg/service/run/run.go:33.16,36.3 2 0
go.keploy.io/server/pkg/service/run/run.go:40.16,43.3 2 0
go.keploy.io/server/pkg/service/run/run.go:47.155,49.19 2 10
go.keploy.io/server/pkg/service/run/run.go:52.2,52.18 1 10
go.keploy.io/server/pkg/service/run/run.go:55.2,56.16 2 10
go.keploy.io/server/pkg/service/run/run.go:60.2,61.16 2 10
go.keploy.io/server/pkg/service/run/run.go:64.2,64.13 1 10
go.keploy.io/server/pkg/service/run/run.go:67.2,67.19 1 4
go.keploy.io/server/pkg/service/run/run.go:71.2,71.24 1 4
go.keploy.io/server/pkg/service/run/run.go:80.2,80.17 1 4
go.keploy.io/server/pkg/service/run/run.go:49.19,51.3 1 0
go.keploy.io/server/pkg/service/run/run.go:52.18,54.3 1 0
go.keploy.io/server/pkg/service/run/run.go:56.16,59.3 2 0
go.keploy.io/server/pkg/service/run/run.go:61.16,63.3 1 0
go.keploy.io/server/pkg/service/run/run.go:64.13,66.3 1 6
go.keploy.io/server/pkg/service/run/run.go:67.19,69.3 1 0
go.keploy.io/server/pkg/service/run/run.go:71.24,73.18 2 4
go.keploy.io/server/pkg/service/run/run.go:78.3,78.18 1 4
go.keploy.io/server/pkg/service/run/run.go:73.18,77.4 3 0
go.keploy.io/server/pkg/service/run/run.go:83.71,84.25 1 10
go.keploy.io/server/pkg/service/run/run.go:115.2,115.12 1 10
go.keploy.io/server/pkg/service/run/run.go:84.25,85.40 1 12
go.keploy.io/server/pkg/service/run/run.go:88.3,89.18 2 0
go.keploy.io/server/pkg/service/run/run.go:94.3,94.22 1 0
go.keploy.io/server/pkg/service/run/run.go:103.3,104.30 2 0
go.keploy.io/server/pkg/service/run/run.go:110.3,111.17 2 0
go.keploy.io/server/pkg/service/run/run.go:85.40,86.12 1 12
go.keploy.io/server/pkg/service/run/run.go:89.18,93.4 3 0
go.keploy.io/server/pkg/service/run/run.go:94.22,97.18 2 0
go.keploy.io/server/pkg/service/run/run.go:100.4,100.12 1 0
go.keploy.io/server/pkg/service/run/run.go:97.18,99.5 1 0
go.keploy.io/server/pkg/service/run/run.go:104.30,105.25 1 0
go.keploy.io/server/pkg/service/run/run.go:105.25,107.5 1 0
go.keploy.io/server/pkg/service/run/run.go:111.17,113.4 1 0
go.keploy.io/server/pkg/service/run/run.go:118.81,120.26 2 0
go.keploy.io/server/pkg/service/run/run.go:123.2,125.17 3 0
go.keploy.io/server/pkg/service/run/run.go:130.2,130.12 1 0
go.keploy.io/server/pkg/service/run/run.go:120.26,122.3 1 0
go.keploy.io/server/pkg/service/run/run.go:125.17,129.3 3 0
go.keploy.io/server/pkg/service/run/run.go:133.59,135.2 1 13
go.keploy.io/server/graph/schema.resolvers.go:17.105,19.23 2 1
go.keploy.io/server/graph/schema.resolvers.go:22.2,23.16 2 1
go.keploy.io/server/graph/schema.resolvers.go:26.2,26.18 1 1
go.keploy.io/server/graph/schema.resolvers.go:19.23,21.3 1 1
go.keploy.io/server/graph/schema.resolvers.go:23.16,25.3 1 0
go.keploy.io/server/graph/schema.resolvers.go:29.89,31.16 2 2
go.keploy.io/server/graph/schema.resolvers.go:34.2,34.18 1 2
go.keploy.io/server/graph/schema.resolvers.go:31.16,33.3 1 0
go.keploy.io/server/graph/schema.resolvers.go:37.88,39.16 2 1
go.keploy.io/server/graph/schema.resolvers.go:42.2,42.18 1 1
go.keploy.io/server/graph/schema.resolvers.go:39.16,41.3 1 0
go.keploy.io/server/graph/schema.resolvers.go:45.73,47.16 2 6
go.keploy.io/server/graph/schema.resolvers.go:50.2,51.25 2 6
go.keploy.io/server/graph/schema.resolvers.go:55.2,55.17 1 6
go.keploy.io/server/graph/schema.resolvers.go:47.16,49.3 1 0
go.keploy.io/server/graph/schema.resolvers.go:51.25,53.3 1 6
go.keploy.io/server/graph/schema.resolvers.go:58.176,61.37 3 10
go.keploy.io/server/graph/schema.resolvers.go:65.2,68.16 3 10
go.keploy.io/server/graph/schema.resolvers.go:72.2,73.27 2 10
go.keploy.io/server/graph/schema.resolvers.go:132.2,132.17 1 10
go.keploy.io/server/graph/schema.resolvers.go:61.37,63.3 1 4
go.keploy.io/server/graph/schema.resolvers.go:68.16,70.3 1 0
go.keploy.io/server/graph/schema.resolvers.go:73.27,75.23 2 12
go.keploy.io/server/graph/schema.resolvers.go:94.3,128.24 2 12
go.keploy.io/server/graph/schema.resolvers.go:75.23,76.32 1 4
go.keploy.io/server/graph/schema.resolvers.go:76.32,91.5 3 7
go.keploy.io/server/graph/schema.resolvers.go:135.132,137.16 2 16
go.keploy.io/server/graph/schema.resolvers.go:141.2,141.15 1 16
go.keploy.io/server/graph/schema.resolvers.go:149.2,150.16 2 7
go.keploy.io/server/graph/schema.resolvers.go:153.2,154.24 2 7
go.keploy.io/server/graph/schema.resolvers.go:157.2,157.17 1 7
go.keploy.io/server/graph/schema.resolvers.go:137.16,139.3 1 7
go.keploy.io/server/graph/schema.resolvers.go:141.15,143.17 2 9
go.keploy.io/server/graph/schema.resolvers.go:146.3,146.53 1 9
go.keploy.io/server/graph/schema.resolvers.go:143.17,145.4 1 0
go.keploy.io/server/graph/schema.resolvers.go:150.16,152.3 1 0
go.keploy.io/server/graph/schema.resolvers.go:154.24,156.3 1 11
go.keploy.io/server/graph/schema.resolvers.go:160.119,161.38 1 0
go.keploy.io/server/graph/schema.resolvers.go:165.66,165.101 1 0
go.keploy.io/server/http/regression/helpers.go:8.51,15.2 1 0
go.keploy.io/server/http/regression/helpers.go:26.76,29.2 2 0
go.keploy.io/server/cmd/server/main.go:10.13,14.16 4 1
go.keploy.io/server/cmd/server/main.go:14.16,15.13 1 0
go.keploy.io/server/pkg/platform/mgo/mongo.go:10.45,15.2 3 1
go.keploy.io/server/pkg/platform/mgo/tdb.go:17.69,22.2 1 1
go.keploy.io/server/pkg/platform/mgo/tdb.go:29.67,31.16 2 2
go.keploy.io/server/pkg/platform/mgo/tdb.go:34.2,34.12 1 2
go.keploy.io/server/pkg/platform/mgo/tdb.go:31.16,33.3 1 0
go.keploy.io/server/pkg/platform/mgo/tdb.go:37.81,40.16 3 6
go.keploy.io/server/pkg/platform/mgo/tdb.go:43.2,44.27 2 6
go.keploy.io/server/pkg/platform/mgo/tdb.go:50.2,50.18 1 6
go.keploy.io/server/pkg/platform/mgo/tdb.go:40.16,42.3 1 0
go.keploy.io/server/pkg/platform/mgo/tdb.go:44.27,46.9 2 6
go.keploy.io/server/pkg/platform/mgo/tdb.go:46.9,48.4 1 6
go.keploy.io/server/pkg/platform/mgo/tdb.go:53.100,58.2 4 2
go.keploy.io/server/pkg/platform/mgo/tdb.go:60.84,67.31 3 0
go.keploy.io/server/pkg/platform/mgo/tdb.go:77.2,78.16 2 0
go.keploy.io/server/pkg/platform/mgo/tdb.go:81.2,81.15 1 0
go.keploy.io/server/pkg/platform/mgo/tdb.go:84.2,84.19 1 0
go.keploy.io/server/pkg/platform/mgo/tdb.go:67.31,76.3 1 0
go.keploy.io/server/pkg/platform/mgo/tdb.go:78.16,80.3 1 0
go.keploy.io/server/pkg/platform/mgo/tdb.go:81.15,83.3 1 0
go.keploy.io/server/pkg/platform/mgo/tdb.go:87.100,127.16 3 0
go.keploy.io/server/pkg/platform/mgo/tdb.go:133.2,158.16 6 0
go.keploy.io/server/pkg/platform/mgo/tdb.go:162.2,163.46 2 0
go.keploy.io/server/pkg/platform/mgo/tdb.go:167.2,167.33 1 0
go.keploy.io/server/pkg/platform/mgo/tdb.go:177.2,182.16 2 0
go.keploy.io/server/pkg/platform/mgo/tdb.go:185.2,185.12 1 0
go.keploy.io/server/pkg/platform/mgo/tdb.go:127.16,129.3 1 0
go.keploy.io/server/pkg/platform/mgo/tdb.go:158.16,160.3 1 0
go.keploy.io/server/pkg/platform/mgo/tdb.go:163.46,165.3 1 0
go.keploy.io/server/pkg/platform/mgo/tdb.go:167.33,169.25 2 0
go.keploy.io/server/pkg/platform/mgo/tdb.go:169.25,170.14 1 0
go.keploy.io/server/pkg/platform/mgo/tdb.go:173.4,173.35 1 0
go.keploy.io/server/pkg/platform/mgo/tdb.go:170.14,171.13 1 0
go.keploy.io/server/pkg/platform/mgo/tdb.go:182.16,184.3 1 0
go.keploy.io/server/pkg/platform/mgo/tdb.go:188.76,190.31 1 15
go.keploy.io/server/pkg/platform/mgo/tdb.go:193.2,201.16 6 15
go.keploy.io/server/pkg/platform/mgo/tdb.go:205.2,205.12 1 15
go.keploy.io/server/pkg/platform/mgo/tdb.go:190.31,192.3 1 77
go.keploy.io/server/pkg/platform/mgo/tdb.go:201.16,204.3 1 0
go.keploy.io/server/pkg/platform/mgo/tdb.go:208.88,212.15 2 41
go.keploy.io/server/pkg/platform/mgo/tdb.go:216.2,218.16 3 41
go.keploy.io/server/pkg/platform/mgo/tdb.go:221.2,221.16 1 41
go.keploy.io/server/pkg/platform/mgo/tdb.go:212.15,214.3 1 41
go.keploy.io/server/pkg/platform/mgo/tdb.go:218.16,220.3 1 0
go.keploy.io/server/pkg/platform/mgo/tdb.go:224.126,227.16 3 13
go.keploy.io/server/pkg/platform/mgo/tdb.go:232.2,232.20 1 13
go.keploy.io/server/pkg/platform/mgo/tdb.go:242.2,242.33 1 13
go.keploy.io/server/pkg/platform/mgo/tdb.go:247.2,248.16 2 13
go.keploy.io/server/pkg/platform/mgo/tdb.go:251.2,251.17 1 13
go.keploy.io/server/pkg/platform/mgo/tdb.go:227.16,229.3 1 0
go.keploy.io/server/pkg/platform/mgo/tdb.go:232.20,235.17 3 14
go.keploy.io/server/pkg/platform/mgo/tdb.go:239.3,239.24 1 14
go.keploy.io/server/pkg/platform/mgo/tdb.go:235.17,238.4 1 0
go.keploy.io/server/pkg/platform/mgo/tdb.go:242.33,245.3 1 0
go.keploy.io/server/pkg/platform/mgo/tdb.go:248.16,250.3 1 0
go.keploy.io/server/pkg/platform/mgo/tdb.go:254.131,258.14 3 11
go.keploy.io/server/pkg/platform/mgo/tdb.go:261.2,261.16 1 11
go.keploy.io/server/pkg/platform/mgo/tdb.go:264.2,269.16 5 11
go.keploy.io/server/pkg/platform/mgo/tdb.go:272.2,272.17 1 11
go.keploy.io/server/pkg/platform/mgo/tdb.go:258.14,260.3 1 11
go.keploy.io/server/pkg/platform/mgo/tdb.go:261.16,263.3 1 0
go.keploy.io/server/pkg/platform/mgo/tdb.go:269.16,271.3 1 0
go.keploy.io/server/web/web.go:12.29,16.2 3 1
